Traceback (most recent call last):
  File "/scratch/tyoeasley/brain_representations/src_py/lindecomp_phom.py", line 196, in <module>
    main(sys.argv)
  File "/scratch/tyoeasley/brain_representations/src_py/lindecomp_phom.py", line 43, in main
    reglist=reglist, namelist=namelist, decomp_method=decomp_method)
  File "/scratch/tyoeasley/brain_representations/src_py/lindecomp_phom.py", line 55, in make_bcurves_over_rank
    all_bcurves, all_phoms, psim_grams = iter_comp_bcurves(approx_reps)
  File "/scratch/tyoeasley/brain_representations/src_py/lindecomp_phom.py", line 140, in iter_comp_bcurves
    long_phoms[i] = SSH.compute_phom(long_stack[i])
  File "/mnt/beegfs/scratch/tyoeasley/brain_representations/src_py/SubjSubjHomologies.py", line 46, in compute_phom
    persdiag = VR.fit_transform(dist_mtx_array)
  File "/home/e.ty/.conda/envs/alg_top_neuro/lib/python3.7/site-packages/gtda/utils/_docs.py", line 106, in fit_transform_wrapper
    return original_fit_transform(*args, **kwargs)
  File "/home/e.ty/.conda/envs/alg_top_neuro/lib/python3.7/site-packages/sklearn/base.py", line 699, in fit_transform
    return self.fit(X, **fit_params).transform(X)
  File "/home/e.ty/.conda/envs/alg_top_neuro/lib/python3.7/site-packages/gtda/homology/simplicial.py", line 236, in fit
    distance_matrices=self._is_precomputed)
  File "/home/e.ty/.conda/envs/alg_top_neuro/lib/python3.7/site-packages/gtda/utils/validation.py", line 254, in check_point_clouds
    + extra_2D
ValueError: Input must be a single 3D array or a list of 2D arrays or sparse matrices. Structure of dimension 2 passed.
Reshape your input X using X.reshape(1, *X.shape) or X[None, :, :] if X is a single point cloud/distance matrix/adjacency matrix of a weighted graph.
