/mnt/beegfs/scratch/tyoeasley/brain_representations/src_py/analyze_CCA_permtests.py:79: RuntimeWarning: More than 20 figures have been opened. Figures created through the pyplot interface (`matplotlib.pyplot.figure`) are retained until explicitly closed and may consume too much memory. (To control this warning, see the rcParam `figure.max_open_warning`).
  fig,ax = plt.subplots()
Traceback (most recent call last):
  File "/scratch/tyoeasley/brain_representations/src_py/run_lindecomp_dimstab.py", line 119, in <module>
    main(sys.argv)
  File "/scratch/tyoeasley/brain_representations/src_py/run_lindecomp_dimstab.py", line 75, in main
    run_dimensional_stability_tst(reps,output_basedir,permset,namelist,regval_list,decomp_method,n_workers)
  File "/scratch/tyoeasley/brain_representations/src_py/run_lindecomp_dimstab.py", line 111, in run_dimensional_stability_tst
    make_ndim_vs_reg_plots(output_basedir,dim_vs_reg_list,regval_list)
  File "/scratch/tyoeasley/brain_representations/src_py/run_lindecomp_dimstab.py", line 114, in make_ndim_vs_reg_plots
    fig,ax = anl_pt.plot_ndim_vs_reg(dim_vs_reg_list,np.asarray(regval_list))
  File "/mnt/beegfs/scratch/tyoeasley/brain_representations/src_py/analyze_CCA_permtests.py", line 148, in plot_ndim_vs_reg
    ax.plot(np.log10(regvals), dimvals_i, 'bo-', markersize=4, markerfacecolor='g', elinewidth=1, label=pairname_i.replace("_"," "))
  File "/home/e.ty/.conda/envs/alg_top_neuro/lib/python3.7/site-packages/matplotlib/axes/_axes.py", line 1743, in plot
    lines = [*self._get_lines(*args, data=data, **kwargs)]
  File "/home/e.ty/.conda/envs/alg_top_neuro/lib/python3.7/site-packages/matplotlib/axes/_base.py", line 273, in __call__
    yield from self._plot_args(this, kwargs)
  File "/home/e.ty/.conda/envs/alg_top_neuro/lib/python3.7/site-packages/matplotlib/axes/_base.py", line 419, in _plot_args
    for j in range(max(ncx, ncy))]
  File "/home/e.ty/.conda/envs/alg_top_neuro/lib/python3.7/site-packages/matplotlib/axes/_base.py", line 419, in <listcomp>
    for j in range(max(ncx, ncy))]
  File "/home/e.ty/.conda/envs/alg_top_neuro/lib/python3.7/site-packages/matplotlib/axes/_base.py", line 312, in _makeline
    seg = mlines.Line2D(x, y, **kw)
  File "/home/e.ty/.conda/envs/alg_top_neuro/lib/python3.7/site-packages/matplotlib/lines.py", line 390, in __init__
    self.update(kwargs)
  File "/home/e.ty/.conda/envs/alg_top_neuro/lib/python3.7/site-packages/matplotlib/artist.py", line 996, in update
    raise AttributeError(f"{type(self).__name__!r} object "
AttributeError: 'Line2D' object has no property 'elinewidth'
