Traceback (most recent call last):
  File "/scratch/tyoeasley/brain_representations/src_py/run_CCA.py", line 4, in <module>
    cbCCA.iter_CCA_list(sys.argv[1],sys.argv[2],listpath=sys.argv[3])
  File "/mnt/beegfs/scratch/tyoeasley/brain_representations/src_py/comp_brainrep_CCA.py", line 27, in iter_CCA_list
    X = parse_dataset(xname)
  File "/mnt/beegfs/scratch/tyoeasley/brain_representations/src_py/comp_brainrep_CCA.py", line 53, in parse_dataset
    data = parse_datalist(dataname_list,datadir)
  File "/mnt/beegfs/scratch/tyoeasley/brain_representations/src_py/comp_brainrep_CCA.py", line 60, in parse_datalist
    n_feat = len(PN.parse_fname(dataname_list[0]))
  File "/mnt/beegfs/scratch/tyoeasley/brain_representations/src_py/parse_neurodata.py", line 16, in parse_fname
    data=parser(fname)
  File "/mnt/beegfs/scratch/tyoeasley/brain_representations/src_py/parse_neurodata.py", line 36, in load_csv
    data0 = np.genfromtxt(fname,delimiter=",")
  File "/home/e.ty/.conda/envs/alg_top_neuro/lib/python3.7/site-packages/numpy/lib/npyio.py", line 1759, in genfromtxt
    fid = np.lib._datasource.open(fname, 'rt', encoding=encoding)
  File "/home/e.ty/.conda/envs/alg_top_neuro/lib/python3.7/site-packages/numpy/lib/_datasource.py", line 269, in open
    return ds.open(path, mode, encoding=encoding, newline=newline)
  File "/home/e.ty/.conda/envs/alg_top_neuro/lib/python3.7/site-packages/numpy/lib/_datasource.py", line 623, in open
    raise IOError("%s not found." % path)
OSError: sub-100206.csv not found.
