Traceback (most recent call last):
  File "/scratch/tyoeasley/brain_representations/src_py/run_lindecomp_stbl.py", line 4, in <module>
    ld_st.stability_testing(sys.argv[1],sys.argv[2],listpath=sys.argv[3],decomp_method=sys.argv[4])
  File "/mnt/beegfs/scratch/tyoeasley/brain_representations/src_py/lindecomp_stability.py", line 63, in stability_testing
    save_stability_decomps(output_basedir,decomp_vals,decomp_method)
  File "/mnt/beegfs/scratch/tyoeasley/brain_representations/src_py/lindecomp_stability.py", line 254, in save_stability_decomps
    dill.dump(data,f_out)
  File "/home/e.ty/.conda/envs/alg_top_neuro/lib/python3.7/site-packages/dill/_dill.py", line 276, in dump
    Pickler(file, protocol, **_kwds).dump(obj)
  File "/home/e.ty/.conda/envs/alg_top_neuro/lib/python3.7/site-packages/dill/_dill.py", line 498, in dump
    StockPickler.dump(self, obj)
  File "/home/e.ty/.conda/envs/alg_top_neuro/lib/python3.7/pickle.py", line 437, in dump
    self.save(obj)
  File "/home/e.ty/.conda/envs/alg_top_neuro/lib/python3.7/pickle.py", line 504, in save
    f(self, obj) # Call unbound method with explicit self
  File "/home/e.ty/.conda/envs/alg_top_neuro/lib/python3.7/pickle.py", line 819, in save_list
    self._batch_appends(obj)
  File "/home/e.ty/.conda/envs/alg_top_neuro/lib/python3.7/pickle.py", line 843, in _batch_appends
    save(x)
  File "/home/e.ty/.conda/envs/alg_top_neuro/lib/python3.7/pickle.py", line 549, in save
    self.save_reduce(obj=obj, *rv)
  File "/home/e.ty/.conda/envs/alg_top_neuro/lib/python3.7/pickle.py", line 633, in save_reduce
    save(cls)
  File "/home/e.ty/.conda/envs/alg_top_neuro/lib/python3.7/pickle.py", line 504, in save
    f(self, obj) # Call unbound method with explicit self
  File "/home/e.ty/.conda/envs/alg_top_neuro/lib/python3.7/site-packages/dill/_dill.py", line 1439, in save_type
    StockPickler.save_global(pickler, obj, name=name)
  File "/home/e.ty/.conda/envs/alg_top_neuro/lib/python3.7/pickle.py", line 960, in save_global
    (obj, module_name, name)) from None
_pickle.PicklingError: Can't pickle <class 'lindecomp_stability.CCA_minimum_vars'>: it's not found as lindecomp_stability.CCA_minimum_vars
