
While running:
/export/workbench/workbench-1.5.0_take2/bin_rh_linux64/../exe_rh_linux64/wb_command -cifti-parcellate /ceph/hcpdb/archive/HCP_1200/arc001/130114_3T/RESOURCES/MSMAllDeDrift/MNINonLinear/Results/rfMRI_REST1_RL/rfMRI_REST1_RL_Atlas_MSMAll_hp2000_clean.dtseries.nii /scratch/tyoeasley/brain_representations/schaefer/parcellation_defs/HCP/fslr32k-cifti/Schaefer2018_200Parcels_17Networks_order.dlabel.nii COLUMN /scratch/tyoeasley/brain_representations/schaefer/ext_ptseries/wb_cp/d200/130114_REST1_RL.ptseries.nii

ERROR: failed to open file '/ceph/hcpdb/archive/HCP_1200/arc001/130114_3T/RESOURCES/MSMAllDeDrift/MNINonLinear/Results/rfMRI_REST1_RL/rfMRI_REST1_RL_Atlas_MSMAll_hp2000_clean.dtseries.nii', file does not exist, or folder permissions prevent seeing it


While running:
/export/workbench/workbench-1.5.0_take2/bin_rh_linux64/../exe_rh_linux64/wb_command -cifti-parcellate /ceph/hcpdb/archive/HCP_1200/arc001/130114_3T/RESOURCES/MSMAllDeDrift/MNINonLinear/Results/rfMRI_REST2_LR/rfMRI_REST2_LR_Atlas_MSMAll_hp2000_clean.dtseries.nii /scratch/tyoeasley/brain_representations/schaefer/parcellation_defs/HCP/fslr32k-cifti/Schaefer2018_200Parcels_17Networks_order.dlabel.nii COLUMN /scratch/tyoeasley/brain_representations/schaefer/ext_ptseries/wb_cp/d200/130114_REST2_LR.ptseries.nii

ERROR: failed to open file '/ceph/hcpdb/archive/HCP_1200/arc001/130114_3T/RESOURCES/MSMAllDeDrift/MNINonLinear/Results/rfMRI_REST2_LR/rfMRI_REST2_LR_Atlas_MSMAll_hp2000_clean.dtseries.nii', file does not exist, or folder permissions prevent seeing it


While running:
/export/workbench/workbench-1.5.0_take2/bin_rh_linux64/../exe_rh_linux64/wb_command -cifti-parcellate /ceph/hcpdb/archive/HCP_1200/arc001/130114_3T/RESOURCES/MSMAllDeDrift/MNINonLinear/Results/rfMRI_REST2_RL/rfMRI_REST2_RL_Atlas_MSMAll_hp2000_clean.dtseries.nii /scratch/tyoeasley/brain_representations/schaefer/parcellation_defs/HCP/fslr32k-cifti/Schaefer2018_200Parcels_17Networks_order.dlabel.nii COLUMN /scratch/tyoeasley/brain_representations/schaefer/ext_ptseries/wb_cp/d200/130114_REST2_RL.ptseries.nii

ERROR: failed to open file '/ceph/hcpdb/archive/HCP_1200/arc001/130114_3T/RESOURCES/MSMAllDeDrift/MNINonLinear/Results/rfMRI_REST2_RL/rfMRI_REST2_RL_Atlas_MSMAll_hp2000_clean.dtseries.nii', file does not exist, or folder permissions prevent seeing it


While running:
/export/workbench/workbench-1.5.0_take2/bin_rh_linux64/../exe_rh_linux64/wb_command -cifti-parcellate /ceph/hcpdb/archive/HCP_1200/arc001/138332_3T/RESOURCES/MSMAllDeDrift/MNINonLinear/Results/rfMRI_REST1_LR/rfMRI_REST1_LR_Atlas_MSMAll_hp2000_clean.dtseries.nii /scratch/tyoeasley/brain_representations/schaefer/parcellation_defs/HCP/fslr32k-cifti/Schaefer2018_200Parcels_17Networks_order.dlabel.nii COLUMN /scratch/tyoeasley/brain_representations/schaefer/ext_ptseries/wb_cp/d200/138332_REST1_LR.ptseries.nii

ERROR: failed to open file '/ceph/hcpdb/archive/HCP_1200/arc001/138332_3T/RESOURCES/MSMAllDeDrift/MNINonLinear/Results/rfMRI_REST1_LR/rfMRI_REST1_LR_Atlas_MSMAll_hp2000_clean.dtseries.nii', file does not exist, or folder permissions prevent seeing it


While running:
/export/workbench/workbench-1.5.0_take2/bin_rh_linux64/../exe_rh_linux64/wb_command -cifti-parcellate /ceph/hcpdb/archive/HCP_1200/arc001/138332_3T/RESOURCES/MSMAllDeDrift/MNINonLinear/Results/rfMRI_REST1_RL/rfMRI_REST1_RL_Atlas_MSMAll_hp2000_clean.dtseries.nii /scratch/tyoeasley/brain_representations/schaefer/parcellation_defs/HCP/fslr32k-cifti/Schaefer2018_200Parcels_17Networks_order.dlabel.nii COLUMN /scratch/tyoeasley/brain_representations/schaefer/ext_ptseries/wb_cp/d200/138332_REST1_RL.ptseries.nii

ERROR: failed to open file '/ceph/hcpdb/archive/HCP_1200/arc001/138332_3T/RESOURCES/MSMAllDeDrift/MNINonLinear/Results/rfMRI_REST1_RL/rfMRI_REST1_RL_Atlas_MSMAll_hp2000_clean.dtseries.nii', file does not exist, or folder permissions prevent seeing it


While running:
/export/workbench/workbench-1.5.0_take2/bin_rh_linux64/../exe_rh_linux64/wb_command -cifti-parcellate /ceph/hcpdb/archive/HCP_1200/arc001/138332_3T/RESOURCES/MSMAllDeDrift/MNINonLinear/Results/rfMRI_REST2_LR/rfMRI_REST2_LR_Atlas_MSMAll_hp2000_clean.dtseries.nii /scratch/tyoeasley/brain_representations/schaefer/parcellation_defs/HCP/fslr32k-cifti/Schaefer2018_200Parcels_17Networks_order.dlabel.nii COLUMN /scratch/tyoeasley/brain_representations/schaefer/ext_ptseries/wb_cp/d200/138332_REST2_LR.ptseries.nii

ERROR: failed to open file '/ceph/hcpdb/archive/HCP_1200/arc001/138332_3T/RESOURCES/MSMAllDeDrift/MNINonLinear/Results/rfMRI_REST2_LR/rfMRI_REST2_LR_Atlas_MSMAll_hp2000_clean.dtseries.nii', file does not exist, or folder permissions prevent seeing it


While running:
/export/workbench/workbench-1.5.0_take2/bin_rh_linux64/../exe_rh_linux64/wb_command -cifti-parcellate /ceph/hcpdb/archive/HCP_1200/arc001/138332_3T/RESOURCES/MSMAllDeDrift/MNINonLinear/Results/rfMRI_REST2_RL/rfMRI_REST2_RL_Atlas_MSMAll_hp2000_clean.dtseries.nii /scratch/tyoeasley/brain_representations/schaefer/parcellation_defs/HCP/fslr32k-cifti/Schaefer2018_200Parcels_17Networks_order.dlabel.nii COLUMN /scratch/tyoeasley/brain_representations/schaefer/ext_ptseries/wb_cp/d200/138332_REST2_RL.ptseries.nii

ERROR: failed to open file '/ceph/hcpdb/archive/HCP_1200/arc001/138332_3T/RESOURCES/MSMAllDeDrift/MNINonLinear/Results/rfMRI_REST2_RL/rfMRI_REST2_RL_Atlas_MSMAll_hp2000_clean.dtseries.nii', file does not exist, or folder permissions prevent seeing it

/scratch/tyoeasley/brain_representations/check_subj.sh: line 8: /ceph/hcpdb/archive/HCP_1200/arc001/329844_3T/RESOURCES/MSMAllDeDrift/MNINonLinear/Results/rfMRI_REST1_LR/rfMRI_REST1_LR_Atlas_MSMAll_hp2000_clean.dtseries.nii: Permission denied
/scratch/tyoeasley/brain_representations/check_subj.sh: line 9: /ceph/hcpdb/archive/HCP_1200/arc001/329844_3T/RESOURCES/MSMAllDeDrift/MNINonLinear/Results/rfMRI_REST1_LR/rfMRI_REST1_LR_Atlas_MSMAll_hp2000_clean.dtseries.nii: Permission denied
/scratch/tyoeasley/brain_representations/check_subj.sh: line 8: /ceph/hcpdb/archive/HCP_1200/arc001/330324_3T/RESOURCES/MSMAllDeDrift/MNINonLinear/Results/rfMRI_REST1_LR/rfMRI_REST1_LR_Atlas_MSMAll_hp2000_clean.dtseries.nii: No such file or directory
/scratch/tyoeasley/brain_representations/check_subj.sh: line 9: /ceph/hcpdb/archive/HCP_1200/arc001/330324_3T/RESOURCES/MSMAllDeDrift/MNINonLinear/Results/rfMRI_REST1_LR/rfMRI_REST1_LR_Atlas_MSMAll_hp2000_clean.dtseries.nii: No such file or directory
/scratch/tyoeasley/brain_representations/check_subj.sh: line 8: /ceph/hcpdb/archive/HCP_1200/arc001/333330_3T/RESOURCES/MSMAllDeDrift/MNINonLinear/Results/rfMRI_REST1_LR/rfMRI_REST1_LR_Atlas_MSMAll_hp2000_clean.dtseries.nii: No such file or directory
/scratch/tyoeasley/brain_representations/check_subj.sh: line 9: /ceph/hcpdb/archive/HCP_1200/arc001/333330_3T/RESOURCES/MSMAllDeDrift/MNINonLinear/Results/rfMRI_REST1_LR/rfMRI_REST1_LR_Atlas_MSMAll_hp2000_clean.dtseries.nii: No such file or directory
/scratch/tyoeasley/brain_representations/check_subj.sh: line 8: /ceph/hcpdb/archive/HCP_1200/arc001/334635_3T/RESOURCES/MSMAllDeDrift/MNINonLinear/Results/rfMRI_REST1_LR/rfMRI_REST1_LR_Atlas_MSMAll_hp2000_clean.dtseries.nii: No such file or directory
/scratch/tyoeasley/brain_representations/check_subj.sh: line 9: /ceph/hcpdb/archive/HCP_1200/arc001/334635_3T/RESOURCES/MSMAllDeDrift/MNINonLinear/Results/rfMRI_REST1_LR/rfMRI_REST1_LR_Atlas_MSMAll_hp2000_clean.dtseries.nii: No such file or directory
/scratch/tyoeasley/brain_representations/check_subj.sh: line 8: /ceph/hcpdb/archive/HCP_1200/arc001/336841_3T/RESOURCES/MSMAllDeDrift/MNINonLinear/Results/rfMRI_REST1_LR/rfMRI_REST1_LR_Atlas_MSMAll_hp2000_clean.dtseries.nii: No such file or directory
/scratch/tyoeasley/brain_representations/check_subj.sh: line 9: /ceph/hcpdb/archive/HCP_1200/arc001/336841_3T/RESOURCES/MSMAllDeDrift/MNINonLinear/Results/rfMRI_REST1_LR/rfMRI_REST1_LR_Atlas_MSMAll_hp2000_clean.dtseries.nii: No such file or directory
/scratch/tyoeasley/brain_representations/check_subj.sh: line 8: /ceph/hcpdb/archive/HCP_1200/arc001/339847_3T/RESOURCES/MSMAllDeDrift/MNINonLinear/Results/rfMRI_REST1_LR/rfMRI_REST1_LR_Atlas_MSMAll_hp2000_clean.dtseries.nii: No such file or directory
/scratch/tyoeasley/brain_representations/check_subj.sh: line 9: /ceph/hcpdb/archive/HCP_1200/arc001/339847_3T/RESOURCES/MSMAllDeDrift/MNINonLinear/Results/rfMRI_REST1_LR/rfMRI_REST1_LR_Atlas_MSMAll_hp2000_clean.dtseries.nii: No such file or directory
/scratch/tyoeasley/brain_representations/check_subj.sh: line 8: /ceph/hcpdb/archive/HCP_1200/arc001/341834_3T/RESOURCES/MSMAllDeDrift/MNINonLinear/Results/rfMRI_REST1_LR/rfMRI_REST1_LR_Atlas_MSMAll_hp2000_clean.dtseries.nii: No such file or directory
/scratch/tyoeasley/brain_representations/check_subj.sh: line 9: /ceph/hcpdb/archive/HCP_1200/arc001/341834_3T/RESOURCES/MSMAllDeDrift/MNINonLinear/Results/rfMRI_REST1_LR/rfMRI_REST1_LR_Atlas_MSMAll_hp2000_clean.dtseries.nii: No such file or directory
/scratch/tyoeasley/brain_representations/check_subj.sh: line 8: /ceph/hcpdb/archive/HCP_1200/arc001/342129_3T/RESOURCES/MSMAllDeDrift/MNINonLinear/Results/rfMRI_REST1_LR/rfMRI_REST1_LR_Atlas_MSMAll_hp2000_clean.dtseries.nii: Permission denied
/scratch/tyoeasley/brain_representations/check_subj.sh: line 9: /ceph/hcpdb/archive/HCP_1200/arc001/342129_3T/RESOURCES/MSMAllDeDrift/MNINonLinear/Results/rfMRI_REST1_LR/rfMRI_REST1_LR_Atlas_MSMAll_hp2000_clean.dtseries.nii: Permission denied
/scratch/tyoeasley/brain_representations/check_subj.sh: line 8: /ceph/hcpdb/archive/HCP_1200/arc001/346137_3T/RESOURCES/MSMAllDeDrift/MNINonLinear/Results/rfMRI_REST1_LR/rfMRI_REST1_LR_Atlas_MSMAll_hp2000_clean.dtseries.nii: No such file or directory
/scratch/tyoeasley/brain_representations/check_subj.sh: line 9: /ceph/hcpdb/archive/HCP_1200/arc001/346137_3T/RESOURCES/MSMAllDeDrift/MNINonLinear/Results/rfMRI_REST1_LR/rfMRI_REST1_LR_Atlas_MSMAll_hp2000_clean.dtseries.nii: No such file or directory
/scratch/tyoeasley/brain_representations/check_subj.sh: line 8: /ceph/hcpdb/archive/HCP_1200/arc001/346945_3T/RESOURCES/MSMAllDeDrift/MNINonLinear/Results/rfMRI_REST1_LR/rfMRI_REST1_LR_Atlas_MSMAll_hp2000_clean.dtseries.nii: No such file or directory
/scratch/tyoeasley/brain_representations/check_subj.sh: line 9: /ceph/hcpdb/archive/HCP_1200/arc001/346945_3T/RESOURCES/MSMAllDeDrift/MNINonLinear/Results/rfMRI_REST1_LR/rfMRI_REST1_LR_Atlas_MSMAll_hp2000_clean.dtseries.nii: No such file or directory
/scratch/tyoeasley/brain_representations/check_subj.sh: line 8: /ceph/hcpdb/archive/HCP_1200/arc001/348545_3T/RESOURCES/MSMAllDeDrift/MNINonLinear/Results/rfMRI_REST1_LR/rfMRI_REST1_LR_Atlas_MSMAll_hp2000_clean.dtseries.nii: No such file or directory
/scratch/tyoeasley/brain_representations/check_subj.sh: line 9: /ceph/hcpdb/archive/HCP_1200/arc001/348545_3T/RESOURCES/MSMAllDeDrift/MNINonLinear/Results/rfMRI_REST1_LR/rfMRI_REST1_LR_Atlas_MSMAll_hp2000_clean.dtseries.nii: No such file or directory
/scratch/tyoeasley/brain_representations/check_subj.sh: line 8: /ceph/hcpdb/archive/HCP_1200/arc001/349244_3T/RESOURCES/MSMAllDeDrift/MNINonLinear/Results/rfMRI_REST1_LR/rfMRI_REST1_LR_Atlas_MSMAll_hp2000_clean.dtseries.nii: Permission denied
/scratch/tyoeasley/brain_representations/check_subj.sh: line 9: /ceph/hcpdb/archive/HCP_1200/arc001/349244_3T/RESOURCES/MSMAllDeDrift/MNINonLinear/Results/rfMRI_REST1_LR/rfMRI_REST1_LR_Atlas_MSMAll_hp2000_clean.dtseries.nii: Permission denied
/scratch/tyoeasley/brain_representations/check_subj.sh: line 8: /ceph/hcpdb/archive/HCP_1200/arc001/350330_3T/RESOURCES/MSMAllDeDrift/MNINonLinear/Results/rfMRI_REST1_LR/rfMRI_REST1_LR_Atlas_MSMAll_hp2000_clean.dtseries.nii: Permission denied
/scratch/tyoeasley/brain_representations/check_subj.sh: line 9: /ceph/hcpdb/archive/HCP_1200/arc001/350330_3T/RESOURCES/MSMAllDeDrift/MNINonLinear/Results/rfMRI_REST1_LR/rfMRI_REST1_LR_Atlas_MSMAll_hp2000_clean.dtseries.nii: Permission denied
/scratch/tyoeasley/brain_representations/check_subj.sh: line 8: /ceph/hcpdb/archive/HCP_1200/arc001/352132_3T/RESOURCES/MSMAllDeDrift/MNINonLinear/Results/rfMRI_REST1_LR/rfMRI_REST1_LR_Atlas_MSMAll_hp2000_clean.dtseries.nii: No such file or directory
/scratch/tyoeasley/brain_representations/check_subj.sh: line 9: /ceph/hcpdb/archive/HCP_1200/arc001/352132_3T/RESOURCES/MSMAllDeDrift/MNINonLinear/Results/rfMRI_REST1_LR/rfMRI_REST1_LR_Atlas_MSMAll_hp2000_clean.dtseries.nii: No such file or directory
/scratch/tyoeasley/brain_representations/check_subj.sh: line 8: /ceph/hcpdb/archive/HCP_1200/arc001/352738_3T/RESOURCES/MSMAllDeDrift/MNINonLinear/Results/rfMRI_REST1_LR/rfMRI_REST1_LR_Atlas_MSMAll_hp2000_clean.dtseries.nii: No such file or directory
/scratch/tyoeasley/brain_representations/check_subj.sh: line 9: /ceph/hcpdb/archive/HCP_1200/arc001/352738_3T/RESOURCES/MSMAllDeDrift/MNINonLinear/Results/rfMRI_REST1_LR/rfMRI_REST1_LR_Atlas_MSMAll_hp2000_clean.dtseries.nii: No such file or directory
/scratch/tyoeasley/brain_representations/check_subj.sh: line 8: /ceph/hcpdb/archive/HCP_1200/arc001/353740_3T/RESOURCES/MSMAllDeDrift/MNINonLinear/Results/rfMRI_REST1_LR/rfMRI_REST1_LR_Atlas_MSMAll_hp2000_clean.dtseries.nii: No such file or directory
/scratch/tyoeasley/brain_representations/check_subj.sh: line 9: /ceph/hcpdb/archive/HCP_1200/arc001/353740_3T/RESOURCES/MSMAllDeDrift/MNINonLinear/Results/rfMRI_REST1_LR/rfMRI_REST1_LR_Atlas_MSMAll_hp2000_clean.dtseries.nii: No such file or directory
/scratch/tyoeasley/brain_representations/check_subj.sh: line 8: /ceph/hcpdb/archive/HCP_1200/arc001/356948_3T/RESOURCES/MSMAllDeDrift/MNINonLinear/Results/rfMRI_REST1_LR/rfMRI_REST1_LR_Atlas_MSMAll_hp2000_clean.dtseries.nii: No such file or directory
/scratch/tyoeasley/brain_representations/check_subj.sh: line 9: /ceph/hcpdb/archive/HCP_1200/arc001/356948_3T/RESOURCES/MSMAllDeDrift/MNINonLinear/Results/rfMRI_REST1_LR/rfMRI_REST1_LR_Atlas_MSMAll_hp2000_clean.dtseries.nii: No such file or directory
/scratch/tyoeasley/brain_representations/check_subj.sh: line 8: /ceph/hcpdb/archive/HCP_1200/arc001/358144_3T/RESOURCES/MSMAllDeDrift/MNINonLinear/Results/rfMRI_REST1_LR/rfMRI_REST1_LR_Atlas_MSMAll_hp2000_clean.dtseries.nii: No such file or directory
/scratch/tyoeasley/brain_representations/check_subj.sh: line 9: /ceph/hcpdb/archive/HCP_1200/arc001/358144_3T/RESOURCES/MSMAllDeDrift/MNINonLinear/Results/rfMRI_REST1_LR/rfMRI_REST1_LR_Atlas_MSMAll_hp2000_clean.dtseries.nii: No such file or directory
/scratch/tyoeasley/brain_representations/check_subj.sh: line 8: /ceph/hcpdb/archive/HCP_1200/arc001/360030_3T/RESOURCES/MSMAllDeDrift/MNINonLinear/Results/rfMRI_REST1_LR/rfMRI_REST1_LR_Atlas_MSMAll_hp2000_clean.dtseries.nii: Permission denied
/scratch/tyoeasley/brain_representations/check_subj.sh: line 9: /ceph/hcpdb/archive/HCP_1200/arc001/360030_3T/RESOURCES/MSMAllDeDrift/MNINonLinear/Results/rfMRI_REST1_LR/rfMRI_REST1_LR_Atlas_MSMAll_hp2000_clean.dtseries.nii: Permission denied
/scratch/tyoeasley/brain_representations/check_subj.sh: line 8: /ceph/hcpdb/archive/HCP_1200/arc001/361234_3T/RESOURCES/MSMAllDeDrift/MNINonLinear/Results/rfMRI_REST1_LR/rfMRI_REST1_LR_Atlas_MSMAll_hp2000_clean.dtseries.nii: No such file or directory
/scratch/tyoeasley/brain_representations/check_subj.sh: line 9: /ceph/hcpdb/archive/HCP_1200/arc001/361234_3T/RESOURCES/MSMAllDeDrift/MNINonLinear/Results/rfMRI_REST1_LR/rfMRI_REST1_LR_Atlas_MSMAll_hp2000_clean.dtseries.nii: No such file or directory
/scratch/tyoeasley/brain_representations/check_subj.sh: line 8: /ceph/hcpdb/archive/HCP_1200/arc001/361941_3T/RESOURCES/MSMAllDeDrift/MNINonLinear/Results/rfMRI_REST1_LR/rfMRI_REST1_LR_Atlas_MSMAll_hp2000_clean.dtseries.nii: No such file or directory
/scratch/tyoeasley/brain_representations/check_subj.sh: line 9: /ceph/hcpdb/archive/HCP_1200/arc001/361941_3T/RESOURCES/MSMAllDeDrift/MNINonLinear/Results/rfMRI_REST1_LR/rfMRI_REST1_LR_Atlas_MSMAll_hp2000_clean.dtseries.nii: No such file or directory
/scratch/tyoeasley/brain_representations/check_subj.sh: line 8: /ceph/hcpdb/archive/HCP_1200/arc001/365343_3T/RESOURCES/MSMAllDeDrift/MNINonLinear/Results/rfMRI_REST1_LR/rfMRI_REST1_LR_Atlas_MSMAll_hp2000_clean.dtseries.nii: No such file or directory
/scratch/tyoeasley/brain_representations/check_subj.sh: line 9: /ceph/hcpdb/archive/HCP_1200/arc001/365343_3T/RESOURCES/MSMAllDeDrift/MNINonLinear/Results/rfMRI_REST1_LR/rfMRI_REST1_LR_Atlas_MSMAll_hp2000_clean.dtseries.nii: No such file or directory
/scratch/tyoeasley/brain_representations/check_subj.sh: line 8: /ceph/hcpdb/archive/HCP_1200/arc001/366042_3T/RESOURCES/MSMAllDeDrift/MNINonLinear/Results/rfMRI_REST1_LR/rfMRI_REST1_LR_Atlas_MSMAll_hp2000_clean.dtseries.nii: No such file or directory
/scratch/tyoeasley/brain_representations/check_subj.sh: line 9: /ceph/hcpdb/archive/HCP_1200/arc001/366042_3T/RESOURCES/MSMAllDeDrift/MNINonLinear/Results/rfMRI_REST1_LR/rfMRI_REST1_LR_Atlas_MSMAll_hp2000_clean.dtseries.nii: No such file or directory
/scratch/tyoeasley/brain_representations/check_subj.sh: line 8: /ceph/hcpdb/archive/HCP_1200/arc001/366446_3T/RESOURCES/MSMAllDeDrift/MNINonLinear/Results/rfMRI_REST1_LR/rfMRI_REST1_LR_Atlas_MSMAll_hp2000_clean.dtseries.nii: No such file or directory
/scratch/tyoeasley/brain_representations/check_subj.sh: line 9: /ceph/hcpdb/archive/HCP_1200/arc001/366446_3T/RESOURCES/MSMAllDeDrift/MNINonLinear/Results/rfMRI_REST1_LR/rfMRI_REST1_LR_Atlas_MSMAll_hp2000_clean.dtseries.nii: No such file or directory
/scratch/tyoeasley/brain_representations/check_subj.sh: line 8: /ceph/hcpdb/archive/HCP_1200/arc001/368551_3T/RESOURCES/MSMAllDeDrift/MNINonLinear/Results/rfMRI_REST1_LR/rfMRI_REST1_LR_Atlas_MSMAll_hp2000_clean.dtseries.nii: Permission denied
/scratch/tyoeasley/brain_representations/check_subj.sh: line 9: /ceph/hcpdb/archive/HCP_1200/arc001/368551_3T/RESOURCES/MSMAllDeDrift/MNINonLinear/Results/rfMRI_REST1_LR/rfMRI_REST1_LR_Atlas_MSMAll_hp2000_clean.dtseries.nii: Permission denied
/scratch/tyoeasley/brain_representations/check_subj.sh: line 8: /ceph/hcpdb/archive/HCP_1200/arc001/368753_3T/RESOURCES/MSMAllDeDrift/MNINonLinear/Results/rfMRI_REST1_LR/rfMRI_REST1_LR_Atlas_MSMAll_hp2000_clean.dtseries.nii: Permission denied
/scratch/tyoeasley/brain_representations/check_subj.sh: line 9: /ceph/hcpdb/archive/HCP_1200/arc001/368753_3T/RESOURCES/MSMAllDeDrift/MNINonLinear/Results/rfMRI_REST1_LR/rfMRI_REST1_LR_Atlas_MSMAll_hp2000_clean.dtseries.nii: Permission denied
/scratch/tyoeasley/brain_representations/check_subj.sh: line 8: /ceph/hcpdb/archive/HCP_1200/arc001/371843_3T/RESOURCES/MSMAllDeDrift/MNINonLinear/Results/rfMRI_REST1_LR/rfMRI_REST1_LR_Atlas_MSMAll_hp2000_clean.dtseries.nii: No such file or directory
/scratch/tyoeasley/brain_representations/check_subj.sh: line 9: /ceph/hcpdb/archive/HCP_1200/arc001/371843_3T/RESOURCES/MSMAllDeDrift/MNINonLinear/Results/rfMRI_REST1_LR/rfMRI_REST1_LR_Atlas_MSMAll_hp2000_clean.dtseries.nii: No such file or directory
/scratch/tyoeasley/brain_representations/check_subj.sh: line 8: /ceph/hcpdb/archive/HCP_1200/arc001/376247_3T/RESOURCES/MSMAllDeDrift/MNINonLinear/Results/rfMRI_REST1_LR/rfMRI_REST1_LR_Atlas_MSMAll_hp2000_clean.dtseries.nii: Permission denied
/scratch/tyoeasley/brain_representations/check_subj.sh: line 9: /ceph/hcpdb/archive/HCP_1200/arc001/376247_3T/RESOURCES/MSMAllDeDrift/MNINonLinear/Results/rfMRI_REST1_LR/rfMRI_REST1_LR_Atlas_MSMAll_hp2000_clean.dtseries.nii: Permission denied
/scratch/tyoeasley/brain_representations/check_subj.sh: line 8: /ceph/hcpdb/archive/HCP_1200/arc001/377451_3T/RESOURCES/MSMAllDeDrift/MNINonLinear/Results/rfMRI_REST1_LR/rfMRI_REST1_LR_Atlas_MSMAll_hp2000_clean.dtseries.nii: No such file or directory
/scratch/tyoeasley/brain_representations/check_subj.sh: line 9: /ceph/hcpdb/archive/HCP_1200/arc001/377451_3T/RESOURCES/MSMAllDeDrift/MNINonLinear/Results/rfMRI_REST1_LR/rfMRI_REST1_LR_Atlas_MSMAll_hp2000_clean.dtseries.nii: No such file or directory
/scratch/tyoeasley/brain_representations/check_subj.sh: line 8: /ceph/hcpdb/archive/HCP_1200/arc001/378756_3T/RESOURCES/MSMAllDeDrift/MNINonLinear/Results/rfMRI_REST1_LR/rfMRI_REST1_LR_Atlas_MSMAll_hp2000_clean.dtseries.nii: Permission denied
/scratch/tyoeasley/brain_representations/check_subj.sh: line 9: /ceph/hcpdb/archive/HCP_1200/arc001/378756_3T/RESOURCES/MSMAllDeDrift/MNINonLinear/Results/rfMRI_REST1_LR/rfMRI_REST1_LR_Atlas_MSMAll_hp2000_clean.dtseries.nii: Permission denied
/scratch/tyoeasley/brain_representations/check_subj.sh: line 8: /ceph/hcpdb/archive/HCP_1200/arc001/378857_3T/RESOURCES/MSMAllDeDrift/MNINonLinear/Results/rfMRI_REST1_LR/rfMRI_REST1_LR_Atlas_MSMAll_hp2000_clean.dtseries.nii: No such file or directory
/scratch/tyoeasley/brain_representations/check_subj.sh: line 9: /ceph/hcpdb/archive/HCP_1200/arc001/378857_3T/RESOURCES/MSMAllDeDrift/MNINonLinear/Results/rfMRI_REST1_LR/rfMRI_REST1_LR_Atlas_MSMAll_hp2000_clean.dtseries.nii: No such file or directory
/scratch/tyoeasley/brain_representations/check_subj.sh: line 8: /ceph/hcpdb/archive/HCP_1200/arc001/379657_3T/RESOURCES/MSMAllDeDrift/MNINonLinear/Results/rfMRI_REST1_LR/rfMRI_REST1_LR_Atlas_MSMAll_hp2000_clean.dtseries.nii: No such file or directory
/scratch/tyoeasley/brain_representations/check_subj.sh: line 9: /ceph/hcpdb/archive/HCP_1200/arc001/379657_3T/RESOURCES/MSMAllDeDrift/MNINonLinear/Results/rfMRI_REST1_LR/rfMRI_REST1_LR_Atlas_MSMAll_hp2000_clean.dtseries.nii: No such file or directory
/scratch/tyoeasley/brain_representations/check_subj.sh: line 8: /ceph/hcpdb/archive/HCP_1200/arc001/380036_3T/RESOURCES/MSMAllDeDrift/MNINonLinear/Results/rfMRI_REST1_LR/rfMRI_REST1_LR_Atlas_MSMAll_hp2000_clean.dtseries.nii: No such file or directory
/scratch/tyoeasley/brain_representations/check_subj.sh: line 9: /ceph/hcpdb/archive/HCP_1200/arc001/380036_3T/RESOURCES/MSMAllDeDrift/MNINonLinear/Results/rfMRI_REST1_LR/rfMRI_REST1_LR_Atlas_MSMAll_hp2000_clean.dtseries.nii: No such file or directory
/scratch/tyoeasley/brain_representations/check_subj.sh: line 8: /ceph/hcpdb/archive/HCP_1200/arc001/381038_3T/RESOURCES/MSMAllDeDrift/MNINonLinear/Results/rfMRI_REST1_LR/rfMRI_REST1_LR_Atlas_MSMAll_hp2000_clean.dtseries.nii: No such file or directory
/scratch/tyoeasley/brain_representations/check_subj.sh: line 9: /ceph/hcpdb/archive/HCP_1200/arc001/381038_3T/RESOURCES/MSMAllDeDrift/MNINonLinear/Results/rfMRI_REST1_LR/rfMRI_REST1_LR_Atlas_MSMAll_hp2000_clean.dtseries.nii: No such file or directory
/scratch/tyoeasley/brain_representations/check_subj.sh: line 8: /ceph/hcpdb/archive/HCP_1200/arc001/381543_3T/RESOURCES/MSMAllDeDrift/MNINonLinear/Results/rfMRI_REST1_LR/rfMRI_REST1_LR_Atlas_MSMAll_hp2000_clean.dtseries.nii: No such file or directory
/scratch/tyoeasley/brain_representations/check_subj.sh: line 9: /ceph/hcpdb/archive/HCP_1200/arc001/381543_3T/RESOURCES/MSMAllDeDrift/MNINonLinear/Results/rfMRI_REST1_LR/rfMRI_REST1_LR_Atlas_MSMAll_hp2000_clean.dtseries.nii: No such file or directory
/scratch/tyoeasley/brain_representations/check_subj.sh: line 8: /ceph/hcpdb/archive/HCP_1200/arc001/382242_3T/RESOURCES/MSMAllDeDrift/MNINonLinear/Results/rfMRI_REST1_LR/rfMRI_REST1_LR_Atlas_MSMAll_hp2000_clean.dtseries.nii: No such file or directory
/scratch/tyoeasley/brain_representations/check_subj.sh: line 9: /ceph/hcpdb/archive/HCP_1200/arc001/382242_3T/RESOURCES/MSMAllDeDrift/MNINonLinear/Results/rfMRI_REST1_LR/rfMRI_REST1_LR_Atlas_MSMAll_hp2000_clean.dtseries.nii: No such file or directory
/scratch/tyoeasley/brain_representations/check_subj.sh: line 8: /ceph/hcpdb/archive/HCP_1200/arc001/385046_3T/RESOURCES/MSMAllDeDrift/MNINonLinear/Results/rfMRI_REST1_LR/rfMRI_REST1_LR_Atlas_MSMAll_hp2000_clean.dtseries.nii: Permission denied
/scratch/tyoeasley/brain_representations/check_subj.sh: line 9: /ceph/hcpdb/archive/HCP_1200/arc001/385046_3T/RESOURCES/MSMAllDeDrift/MNINonLinear/Results/rfMRI_REST1_LR/rfMRI_REST1_LR_Atlas_MSMAll_hp2000_clean.dtseries.nii: Permission denied
/scratch/tyoeasley/brain_representations/check_subj.sh: line 8: /ceph/hcpdb/archive/HCP_1200/arc001/385450_3T/RESOURCES/MSMAllDeDrift/MNINonLinear/Results/rfMRI_REST1_LR/rfMRI_REST1_LR_Atlas_MSMAll_hp2000_clean.dtseries.nii: No such file or directory
/scratch/tyoeasley/brain_representations/check_subj.sh: line 9: /ceph/hcpdb/archive/HCP_1200/arc001/385450_3T/RESOURCES/MSMAllDeDrift/MNINonLinear/Results/rfMRI_REST1_LR/rfMRI_REST1_LR_Atlas_MSMAll_hp2000_clean.dtseries.nii: No such file or directory
/scratch/tyoeasley/brain_representations/check_subj.sh: line 8: /ceph/hcpdb/archive/HCP_1200/arc001/386250_3T/RESOURCES/MSMAllDeDrift/MNINonLinear/Results/rfMRI_REST1_LR/rfMRI_REST1_LR_Atlas_MSMAll_hp2000_clean.dtseries.nii: No such file or directory
/scratch/tyoeasley/brain_representations/check_subj.sh: line 9: /ceph/hcpdb/archive/HCP_1200/arc001/386250_3T/RESOURCES/MSMAllDeDrift/MNINonLinear/Results/rfMRI_REST1_LR/rfMRI_REST1_LR_Atlas_MSMAll_hp2000_clean.dtseries.nii: No such file or directory
/scratch/tyoeasley/brain_representations/check_subj.sh: line 8: /ceph/hcpdb/archive/HCP_1200/arc001/387959_3T/RESOURCES/MSMAllDeDrift/MNINonLinear/Results/rfMRI_REST1_LR/rfMRI_REST1_LR_Atlas_MSMAll_hp2000_clean.dtseries.nii: No such file or directory
/scratch/tyoeasley/brain_representations/check_subj.sh: line 9: /ceph/hcpdb/archive/HCP_1200/arc001/387959_3T/RESOURCES/MSMAllDeDrift/MNINonLinear/Results/rfMRI_REST1_LR/rfMRI_REST1_LR_Atlas_MSMAll_hp2000_clean.dtseries.nii: No such file or directory
/scratch/tyoeasley/brain_representations/check_subj.sh: line 8: /ceph/hcpdb/archive/HCP_1200/arc001/389357_3T/RESOURCES/MSMAllDeDrift/MNINonLinear/Results/rfMRI_REST1_LR/rfMRI_REST1_LR_Atlas_MSMAll_hp2000_clean.dtseries.nii: No such file or directory
/scratch/tyoeasley/brain_representations/check_subj.sh: line 9: /ceph/hcpdb/archive/HCP_1200/arc001/389357_3T/RESOURCES/MSMAllDeDrift/MNINonLinear/Results/rfMRI_REST1_LR/rfMRI_REST1_LR_Atlas_MSMAll_hp2000_clean.dtseries.nii: No such file or directory
/scratch/tyoeasley/brain_representations/check_subj.sh: line 8: /ceph/hcpdb/archive/HCP_1200/arc001/390645_3T/RESOURCES/MSMAllDeDrift/MNINonLinear/Results/rfMRI_REST1_LR/rfMRI_REST1_LR_Atlas_MSMAll_hp2000_clean.dtseries.nii: No such file or directory
/scratch/tyoeasley/brain_representations/check_subj.sh: line 9: /ceph/hcpdb/archive/HCP_1200/arc001/390645_3T/RESOURCES/MSMAllDeDrift/MNINonLinear/Results/rfMRI_REST1_LR/rfMRI_REST1_LR_Atlas_MSMAll_hp2000_clean.dtseries.nii: No such file or directory
/scratch/tyoeasley/brain_representations/check_subj.sh: line 8: /ceph/hcpdb/archive/HCP_1200/arc001/391748_3T/RESOURCES/MSMAllDeDrift/MNINonLinear/Results/rfMRI_REST1_LR/rfMRI_REST1_LR_Atlas_MSMAll_hp2000_clean.dtseries.nii: No such file or directory
/scratch/tyoeasley/brain_representations/check_subj.sh: line 9: /ceph/hcpdb/archive/HCP_1200/arc001/391748_3T/RESOURCES/MSMAllDeDrift/MNINonLinear/Results/rfMRI_REST1_LR/rfMRI_REST1_LR_Atlas_MSMAll_hp2000_clean.dtseries.nii: No such file or directory
/scratch/tyoeasley/brain_representations/check_subj.sh: line 8: /ceph/hcpdb/archive/HCP_1200/arc001/392447_3T/RESOURCES/MSMAllDeDrift/MNINonLinear/Results/rfMRI_REST1_LR/rfMRI_REST1_LR_Atlas_MSMAll_hp2000_clean.dtseries.nii: Permission denied
/scratch/tyoeasley/brain_representations/check_subj.sh: line 9: /ceph/hcpdb/archive/HCP_1200/arc001/392447_3T/RESOURCES/MSMAllDeDrift/MNINonLinear/Results/rfMRI_REST1_LR/rfMRI_REST1_LR_Atlas_MSMAll_hp2000_clean.dtseries.nii: Permission denied
/scratch/tyoeasley/brain_representations/check_subj.sh: line 8: /ceph/hcpdb/archive/HCP_1200/arc001/392750_3T/RESOURCES/MSMAllDeDrift/MNINonLinear/Results/rfMRI_REST1_LR/rfMRI_REST1_LR_Atlas_MSMAll_hp2000_clean.dtseries.nii: Permission denied
/scratch/tyoeasley/brain_representations/check_subj.sh: line 9: /ceph/hcpdb/archive/HCP_1200/arc001/392750_3T/RESOURCES/MSMAllDeDrift/MNINonLinear/Results/rfMRI_REST1_LR/rfMRI_REST1_LR_Atlas_MSMAll_hp2000_clean.dtseries.nii: Permission denied
/scratch/tyoeasley/brain_representations/check_subj.sh: line 8: /ceph/hcpdb/archive/HCP_1200/arc001/393247_3T/RESOURCES/MSMAllDeDrift/MNINonLinear/Results/rfMRI_REST1_LR/rfMRI_REST1_LR_Atlas_MSMAll_hp2000_clean.dtseries.nii: No such file or directory
/scratch/tyoeasley/brain_representations/check_subj.sh: line 9: /ceph/hcpdb/archive/HCP_1200/arc001/393247_3T/RESOURCES/MSMAllDeDrift/MNINonLinear/Results/rfMRI_REST1_LR/rfMRI_REST1_LR_Atlas_MSMAll_hp2000_clean.dtseries.nii: No such file or directory
/scratch/tyoeasley/brain_representations/check_subj.sh: line 8: /ceph/hcpdb/archive/HCP_1200/arc001/393550_3T/RESOURCES/MSMAllDeDrift/MNINonLinear/Results/rfMRI_REST1_LR/rfMRI_REST1_LR_Atlas_MSMAll_hp2000_clean.dtseries.nii: No such file or directory
/scratch/tyoeasley/brain_representations/check_subj.sh: line 9: /ceph/hcpdb/archive/HCP_1200/arc001/393550_3T/RESOURCES/MSMAllDeDrift/MNINonLinear/Results/rfMRI_REST1_LR/rfMRI_REST1_LR_Atlas_MSMAll_hp2000_clean.dtseries.nii: No such file or directory
/scratch/tyoeasley/brain_representations/check_subj.sh: line 8: /ceph/hcpdb/archive/HCP_1200/arc001/394956_3T/RESOURCES/MSMAllDeDrift/MNINonLinear/Results/rfMRI_REST1_LR/rfMRI_REST1_LR_Atlas_MSMAll_hp2000_clean.dtseries.nii: Permission denied
/scratch/tyoeasley/brain_representations/check_subj.sh: line 9: /ceph/hcpdb/archive/HCP_1200/arc001/394956_3T/RESOURCES/MSMAllDeDrift/MNINonLinear/Results/rfMRI_REST1_LR/rfMRI_REST1_LR_Atlas_MSMAll_hp2000_clean.dtseries.nii: Permission denied
/scratch/tyoeasley/brain_representations/check_subj.sh: line 8: /ceph/hcpdb/archive/HCP_1200/arc001/395251_3T/RESOURCES/MSMAllDeDrift/MNINonLinear/Results/rfMRI_REST1_LR/rfMRI_REST1_LR_Atlas_MSMAll_hp2000_clean.dtseries.nii: No such file or directory
/scratch/tyoeasley/brain_representations/check_subj.sh: line 9: /ceph/hcpdb/archive/HCP_1200/arc001/395251_3T/RESOURCES/MSMAllDeDrift/MNINonLinear/Results/rfMRI_REST1_LR/rfMRI_REST1_LR_Atlas_MSMAll_hp2000_clean.dtseries.nii: No such file or directory
/scratch/tyoeasley/brain_representations/check_subj.sh: line 8: /ceph/hcpdb/archive/HCP_1200/arc001/395756_3T/RESOURCES/MSMAllDeDrift/MNINonLinear/Results/rfMRI_REST1_LR/rfMRI_REST1_LR_Atlas_MSMAll_hp2000_clean.dtseries.nii: No such file or directory
/scratch/tyoeasley/brain_representations/check_subj.sh: line 9: /ceph/hcpdb/archive/HCP_1200/arc001/395756_3T/RESOURCES/MSMAllDeDrift/MNINonLinear/Results/rfMRI_REST1_LR/rfMRI_REST1_LR_Atlas_MSMAll_hp2000_clean.dtseries.nii: No such file or directory
/scratch/tyoeasley/brain_representations/check_subj.sh: line 8: /ceph/hcpdb/archive/HCP_1200/arc001/395958_3T/RESOURCES/MSMAllDeDrift/MNINonLinear/Results/rfMRI_REST1_LR/rfMRI_REST1_LR_Atlas_MSMAll_hp2000_clean.dtseries.nii: No such file or directory
/scratch/tyoeasley/brain_representations/check_subj.sh: line 9: /ceph/hcpdb/archive/HCP_1200/arc001/395958_3T/RESOURCES/MSMAllDeDrift/MNINonLinear/Results/rfMRI_REST1_LR/rfMRI_REST1_LR_Atlas_MSMAll_hp2000_clean.dtseries.nii: No such file or directory
/scratch/tyoeasley/brain_representations/check_subj.sh: line 8: /ceph/hcpdb/archive/HCP_1200/arc001/397154_3T/RESOURCES/MSMAllDeDrift/MNINonLinear/Results/rfMRI_REST1_LR/rfMRI_REST1_LR_Atlas_MSMAll_hp2000_clean.dtseries.nii: No such file or directory
/scratch/tyoeasley/brain_representations/check_subj.sh: line 9: /ceph/hcpdb/archive/HCP_1200/arc001/397154_3T/RESOURCES/MSMAllDeDrift/MNINonLinear/Results/rfMRI_REST1_LR/rfMRI_REST1_LR_Atlas_MSMAll_hp2000_clean.dtseries.nii: No such file or directory
/scratch/tyoeasley/brain_representations/check_subj.sh: line 8: /ceph/hcpdb/archive/HCP_1200/arc001/397760_3T/RESOURCES/MSMAllDeDrift/MNINonLinear/Results/rfMRI_REST1_LR/rfMRI_REST1_LR_Atlas_MSMAll_hp2000_clean.dtseries.nii: No such file or directory
/scratch/tyoeasley/brain_representations/check_subj.sh: line 9: /ceph/hcpdb/archive/HCP_1200/arc001/397760_3T/RESOURCES/MSMAllDeDrift/MNINonLinear/Results/rfMRI_REST1_LR/rfMRI_REST1_LR_Atlas_MSMAll_hp2000_clean.dtseries.nii: No such file or directory
/scratch/tyoeasley/brain_representations/check_subj.sh: line 8: /ceph/hcpdb/archive/HCP_1200/arc001/397861_3T/RESOURCES/MSMAllDeDrift/MNINonLinear/Results/rfMRI_REST1_LR/rfMRI_REST1_LR_Atlas_MSMAll_hp2000_clean.dtseries.nii: No such file or directory
/scratch/tyoeasley/brain_representations/check_subj.sh: line 9: /ceph/hcpdb/archive/HCP_1200/arc001/397861_3T/RESOURCES/MSMAllDeDrift/MNINonLinear/Results/rfMRI_REST1_LR/rfMRI_REST1_LR_Atlas_MSMAll_hp2000_clean.dtseries.nii: No such file or directory
/scratch/tyoeasley/brain_representations/check_subj.sh: line 8: /ceph/hcpdb/archive/HCP_1200/arc001/401422_3T/RESOURCES/MSMAllDeDrift/MNINonLinear/Results/rfMRI_REST1_LR/rfMRI_REST1_LR_Atlas_MSMAll_hp2000_clean.dtseries.nii: Permission denied
/scratch/tyoeasley/brain_representations/check_subj.sh: line 9: /ceph/hcpdb/archive/HCP_1200/arc001/401422_3T/RESOURCES/MSMAllDeDrift/MNINonLinear/Results/rfMRI_REST1_LR/rfMRI_REST1_LR_Atlas_MSMAll_hp2000_clean.dtseries.nii: Permission denied
/scratch/tyoeasley/brain_representations/check_subj.sh: line 8: /ceph/hcpdb/archive/HCP_1200/arc001/406432_3T/RESOURCES/MSMAllDeDrift/MNINonLinear/Results/rfMRI_REST1_LR/rfMRI_REST1_LR_Atlas_MSMAll_hp2000_clean.dtseries.nii: No such file or directory
/scratch/tyoeasley/brain_representations/check_subj.sh: line 9: /ceph/hcpdb/archive/HCP_1200/arc001/406432_3T/RESOURCES/MSMAllDeDrift/MNINonLinear/Results/rfMRI_REST1_LR/rfMRI_REST1_LR_Atlas_MSMAll_hp2000_clean.dtseries.nii: No such file or directory
/scratch/tyoeasley/brain_representations/check_subj.sh: line 8: /ceph/hcpdb/archive/HCP_1200/arc001/406836_3T/RESOURCES/MSMAllDeDrift/MNINonLinear/Results/rfMRI_REST1_LR/rfMRI_REST1_LR_Atlas_MSMAll_hp2000_clean.dtseries.nii: No such file or directory
/scratch/tyoeasley/brain_representations/check_subj.sh: line 9: /ceph/hcpdb/archive/HCP_1200/arc001/406836_3T/RESOURCES/MSMAllDeDrift/MNINonLinear/Results/rfMRI_REST1_LR/rfMRI_REST1_LR_Atlas_MSMAll_hp2000_clean.dtseries.nii: No such file or directory
/scratch/tyoeasley/brain_representations/check_subj.sh: line 8: /ceph/hcpdb/archive/HCP_1200/arc001/412528_3T/RESOURCES/MSMAllDeDrift/MNINonLinear/Results/rfMRI_REST1_LR/rfMRI_REST1_LR_Atlas_MSMAll_hp2000_clean.dtseries.nii: No such file or directory
/scratch/tyoeasley/brain_representations/check_subj.sh: line 9: /ceph/hcpdb/archive/HCP_1200/arc001/412528_3T/RESOURCES/MSMAllDeDrift/MNINonLinear/Results/rfMRI_REST1_LR/rfMRI_REST1_LR_Atlas_MSMAll_hp2000_clean.dtseries.nii: No such file or directory
/scratch/tyoeasley/brain_representations/check_subj.sh: line 8: /ceph/hcpdb/archive/HCP_1200/arc001/413934_3T/RESOURCES/MSMAllDeDrift/MNINonLinear/Results/rfMRI_REST1_LR/rfMRI_REST1_LR_Atlas_MSMAll_hp2000_clean.dtseries.nii: Permission denied
/scratch/tyoeasley/brain_representations/check_subj.sh: line 9: /ceph/hcpdb/archive/HCP_1200/arc001/413934_3T/RESOURCES/MSMAllDeDrift/MNINonLinear/Results/rfMRI_REST1_LR/rfMRI_REST1_LR_Atlas_MSMAll_hp2000_clean.dtseries.nii: Permission denied
/scratch/tyoeasley/brain_representations/check_subj.sh: line 8: /ceph/hcpdb/archive/HCP_1200/arc001/414229_3T/RESOURCES/MSMAllDeDrift/MNINonLinear/Results/rfMRI_REST1_LR/rfMRI_REST1_LR_Atlas_MSMAll_hp2000_clean.dtseries.nii: No such file or directory
/scratch/tyoeasley/brain_representations/check_subj.sh: line 9: /ceph/hcpdb/archive/HCP_1200/arc001/414229_3T/RESOURCES/MSMAllDeDrift/MNINonLinear/Results/rfMRI_REST1_LR/rfMRI_REST1_LR_Atlas_MSMAll_hp2000_clean.dtseries.nii: No such file or directory
/scratch/tyoeasley/brain_representations/check_subj.sh: line 8: /ceph/hcpdb/archive/HCP_1200/arc001/415837_3T/RESOURCES/MSMAllDeDrift/MNINonLinear/Results/rfMRI_REST1_LR/rfMRI_REST1_LR_Atlas_MSMAll_hp2000_clean.dtseries.nii: No such file or directory
/scratch/tyoeasley/brain_representations/check_subj.sh: line 9: /ceph/hcpdb/archive/HCP_1200/arc001/415837_3T/RESOURCES/MSMAllDeDrift/MNINonLinear/Results/rfMRI_REST1_LR/rfMRI_REST1_LR_Atlas_MSMAll_hp2000_clean.dtseries.nii: No such file or directory
/scratch/tyoeasley/brain_representations/check_subj.sh: line 8: /ceph/hcpdb/archive/HCP_1200/arc001/419239_3T/RESOURCES/MSMAllDeDrift/MNINonLinear/Results/rfMRI_REST1_LR/rfMRI_REST1_LR_Atlas_MSMAll_hp2000_clean.dtseries.nii: Permission denied
/scratch/tyoeasley/brain_representations/check_subj.sh: line 9: /ceph/hcpdb/archive/HCP_1200/arc001/419239_3T/RESOURCES/MSMAllDeDrift/MNINonLinear/Results/rfMRI_REST1_LR/rfMRI_REST1_LR_Atlas_MSMAll_hp2000_clean.dtseries.nii: Permission denied
/scratch/tyoeasley/brain_representations/check_subj.sh: line 8: /ceph/hcpdb/archive/HCP_1200/arc001/421226_3T/RESOURCES/MSMAllDeDrift/MNINonLinear/Results/rfMRI_REST1_LR/rfMRI_REST1_LR_Atlas_MSMAll_hp2000_clean.dtseries.nii: Permission denied
/scratch/tyoeasley/brain_representations/check_subj.sh: line 9: /ceph/hcpdb/archive/HCP_1200/arc001/421226_3T/RESOURCES/MSMAllDeDrift/MNINonLinear/Results/rfMRI_REST1_LR/rfMRI_REST1_LR_Atlas_MSMAll_hp2000_clean.dtseries.nii: Permission denied
/scratch/tyoeasley/brain_representations/check_subj.sh: line 8: /ceph/hcpdb/archive/HCP_1200/arc001/422632_3T/RESOURCES/MSMAllDeDrift/MNINonLinear/Results/rfMRI_REST1_LR/rfMRI_REST1_LR_Atlas_MSMAll_hp2000_clean.dtseries.nii: No such file or directory
/scratch/tyoeasley/brain_representations/check_subj.sh: line 9: /ceph/hcpdb/archive/HCP_1200/arc001/422632_3T/RESOURCES/MSMAllDeDrift/MNINonLinear/Results/rfMRI_REST1_LR/rfMRI_REST1_LR_Atlas_MSMAll_hp2000_clean.dtseries.nii: No such file or directory
/scratch/tyoeasley/brain_representations/check_subj.sh: line 8: /ceph/hcpdb/archive/HCP_1200/arc001/424939_3T/RESOURCES/MSMAllDeDrift/MNINonLinear/Results/rfMRI_REST1_LR/rfMRI_REST1_LR_Atlas_MSMAll_hp2000_clean.dtseries.nii: No such file or directory
/scratch/tyoeasley/brain_representations/check_subj.sh: line 9: /ceph/hcpdb/archive/HCP_1200/arc001/424939_3T/RESOURCES/MSMAllDeDrift/MNINonLinear/Results/rfMRI_REST1_LR/rfMRI_REST1_LR_Atlas_MSMAll_hp2000_clean.dtseries.nii: No such file or directory
/scratch/tyoeasley/brain_representations/check_subj.sh: line 8: /ceph/hcpdb/archive/HCP_1200/arc001/429040_3T/RESOURCES/MSMAllDeDrift/MNINonLinear/Results/rfMRI_REST1_LR/rfMRI_REST1_LR_Atlas_MSMAll_hp2000_clean.dtseries.nii: No such file or directory
/scratch/tyoeasley/brain_representations/check_subj.sh: line 9: /ceph/hcpdb/archive/HCP_1200/arc001/429040_3T/RESOURCES/MSMAllDeDrift/MNINonLinear/Results/rfMRI_REST1_LR/rfMRI_REST1_LR_Atlas_MSMAll_hp2000_clean.dtseries.nii: No such file or directory
/scratch/tyoeasley/brain_representations/check_subj.sh: line 8: /ceph/hcpdb/archive/HCP_1200/arc001/432332_3T/RESOURCES/MSMAllDeDrift/MNINonLinear/Results/rfMRI_REST1_LR/rfMRI_REST1_LR_Atlas_MSMAll_hp2000_clean.dtseries.nii: No such file or directory
/scratch/tyoeasley/brain_representations/check_subj.sh: line 9: /ceph/hcpdb/archive/HCP_1200/arc001/432332_3T/RESOURCES/MSMAllDeDrift/MNINonLinear/Results/rfMRI_REST1_LR/rfMRI_REST1_LR_Atlas_MSMAll_hp2000_clean.dtseries.nii: No such file or directory
/scratch/tyoeasley/brain_representations/check_subj.sh: line 8: /ceph/hcpdb/archive/HCP_1200/arc001/433839_3T/RESOURCES/MSMAllDeDrift/MNINonLinear/Results/rfMRI_REST1_LR/rfMRI_REST1_LR_Atlas_MSMAll_hp2000_clean.dtseries.nii: No such file or directory
/scratch/tyoeasley/brain_representations/check_subj.sh: line 9: /ceph/hcpdb/archive/HCP_1200/arc001/433839_3T/RESOURCES/MSMAllDeDrift/MNINonLinear/Results/rfMRI_REST1_LR/rfMRI_REST1_LR_Atlas_MSMAll_hp2000_clean.dtseries.nii: No such file or directory
/scratch/tyoeasley/brain_representations/check_subj.sh: line 8: /ceph/hcpdb/archive/HCP_1200/arc001/436239_3T/RESOURCES/MSMAllDeDrift/MNINonLinear/Results/rfMRI_REST1_LR/rfMRI_REST1_LR_Atlas_MSMAll_hp2000_clean.dtseries.nii: No such file or directory
/scratch/tyoeasley/brain_representations/check_subj.sh: line 9: /ceph/hcpdb/archive/HCP_1200/arc001/436239_3T/RESOURCES/MSMAllDeDrift/MNINonLinear/Results/rfMRI_REST1_LR/rfMRI_REST1_LR_Atlas_MSMAll_hp2000_clean.dtseries.nii: No such file or directory
/scratch/tyoeasley/brain_representations/check_subj.sh: line 8: /ceph/hcpdb/archive/HCP_1200/arc001/436845_3T/RESOURCES/MSMAllDeDrift/MNINonLinear/Results/rfMRI_REST1_LR/rfMRI_REST1_LR_Atlas_MSMAll_hp2000_clean.dtseries.nii: No such file or directory
/scratch/tyoeasley/brain_representations/check_subj.sh: line 9: /ceph/hcpdb/archive/HCP_1200/arc001/436845_3T/RESOURCES/MSMAllDeDrift/MNINonLinear/Results/rfMRI_REST1_LR/rfMRI_REST1_LR_Atlas_MSMAll_hp2000_clean.dtseries.nii: No such file or directory
/scratch/tyoeasley/brain_representations/check_subj.sh: line 8: /ceph/hcpdb/archive/HCP_1200/arc001/441939_3T/RESOURCES/MSMAllDeDrift/MNINonLinear/Results/rfMRI_REST1_LR/rfMRI_REST1_LR_Atlas_MSMAll_hp2000_clean.dtseries.nii: No such file or directory
/scratch/tyoeasley/brain_representations/check_subj.sh: line 9: /ceph/hcpdb/archive/HCP_1200/arc001/441939_3T/RESOURCES/MSMAllDeDrift/MNINonLinear/Results/rfMRI_REST1_LR/rfMRI_REST1_LR_Atlas_MSMAll_hp2000_clean.dtseries.nii: No such file or directory
/scratch/tyoeasley/brain_representations/check_subj.sh: line 8: /ceph/hcpdb/archive/HCP_1200/arc001/445543_3T/RESOURCES/MSMAllDeDrift/MNINonLinear/Results/rfMRI_REST1_LR/rfMRI_REST1_LR_Atlas_MSMAll_hp2000_clean.dtseries.nii: No such file or directory
/scratch/tyoeasley/brain_representations/check_subj.sh: line 9: /ceph/hcpdb/archive/HCP_1200/arc001/445543_3T/RESOURCES/MSMAllDeDrift/MNINonLinear/Results/rfMRI_REST1_LR/rfMRI_REST1_LR_Atlas_MSMAll_hp2000_clean.dtseries.nii: No such file or directory
/scratch/tyoeasley/brain_representations/check_subj.sh: line 8: /ceph/hcpdb/archive/HCP_1200/arc001/448347_3T/RESOURCES/MSMAllDeDrift/MNINonLinear/Results/rfMRI_REST1_LR/rfMRI_REST1_LR_Atlas_MSMAll_hp2000_clean.dtseries.nii: No such file or directory
/scratch/tyoeasley/brain_representations/check_subj.sh: line 9: /ceph/hcpdb/archive/HCP_1200/arc001/448347_3T/RESOURCES/MSMAllDeDrift/MNINonLinear/Results/rfMRI_REST1_LR/rfMRI_REST1_LR_Atlas_MSMAll_hp2000_clean.dtseries.nii: No such file or directory
/scratch/tyoeasley/brain_representations/check_subj.sh: line 8: /ceph/hcpdb/archive/HCP_1200/arc001/449753_3T/RESOURCES/MSMAllDeDrift/MNINonLinear/Results/rfMRI_REST1_LR/rfMRI_REST1_LR_Atlas_MSMAll_hp2000_clean.dtseries.nii: No such file or directory
/scratch/tyoeasley/brain_representations/check_subj.sh: line 9: /ceph/hcpdb/archive/HCP_1200/arc001/449753_3T/RESOURCES/MSMAllDeDrift/MNINonLinear/Results/rfMRI_REST1_LR/rfMRI_REST1_LR_Atlas_MSMAll_hp2000_clean.dtseries.nii: No such file or directory
/scratch/tyoeasley/brain_representations/check_subj.sh: line 8: /ceph/hcpdb/archive/HCP_1200/arc001/453441_3T/RESOURCES/MSMAllDeDrift/MNINonLinear/Results/rfMRI_REST1_LR/rfMRI_REST1_LR_Atlas_MSMAll_hp2000_clean.dtseries.nii: No such file or directory
/scratch/tyoeasley/brain_representations/check_subj.sh: line 9: /ceph/hcpdb/archive/HCP_1200/arc001/453441_3T/RESOURCES/MSMAllDeDrift/MNINonLinear/Results/rfMRI_REST1_LR/rfMRI_REST1_LR_Atlas_MSMAll_hp2000_clean.dtseries.nii: No such file or directory
/scratch/tyoeasley/brain_representations/check_subj.sh: line 8: /ceph/hcpdb/archive/HCP_1200/arc001/453542_3T/RESOURCES/MSMAllDeDrift/MNINonLinear/Results/rfMRI_REST1_LR/rfMRI_REST1_LR_Atlas_MSMAll_hp2000_clean.dtseries.nii: Permission denied
/scratch/tyoeasley/brain_representations/check_subj.sh: line 9: /ceph/hcpdb/archive/HCP_1200/arc001/453542_3T/RESOURCES/MSMAllDeDrift/MNINonLinear/Results/rfMRI_REST1_LR/rfMRI_REST1_LR_Atlas_MSMAll_hp2000_clean.dtseries.nii: Permission denied
/scratch/tyoeasley/brain_representations/check_subj.sh: line 8: /ceph/hcpdb/archive/HCP_1200/arc001/454140_3T/RESOURCES/MSMAllDeDrift/MNINonLinear/Results/rfMRI_REST1_LR/rfMRI_REST1_LR_Atlas_MSMAll_hp2000_clean.dtseries.nii: Permission denied
/scratch/tyoeasley/brain_representations/check_subj.sh: line 9: /ceph/hcpdb/archive/HCP_1200/arc001/454140_3T/RESOURCES/MSMAllDeDrift/MNINonLinear/Results/rfMRI_REST1_LR/rfMRI_REST1_LR_Atlas_MSMAll_hp2000_clean.dtseries.nii: Permission denied
/scratch/tyoeasley/brain_representations/check_subj.sh: line 8: /ceph/hcpdb/archive/HCP_1200/arc001/456346_3T/RESOURCES/MSMAllDeDrift/MNINonLinear/Results/rfMRI_REST1_LR/rfMRI_REST1_LR_Atlas_MSMAll_hp2000_clean.dtseries.nii: No such file or directory
/scratch/tyoeasley/brain_representations/check_subj.sh: line 9: /ceph/hcpdb/archive/HCP_1200/arc001/456346_3T/RESOURCES/MSMAllDeDrift/MNINonLinear/Results/rfMRI_REST1_LR/rfMRI_REST1_LR_Atlas_MSMAll_hp2000_clean.dtseries.nii: No such file or directory
/scratch/tyoeasley/brain_representations/check_subj.sh: line 8: /ceph/hcpdb/archive/HCP_1200/arc001/459453_3T/RESOURCES/MSMAllDeDrift/MNINonLinear/Results/rfMRI_REST1_LR/rfMRI_REST1_LR_Atlas_MSMAll_hp2000_clean.dtseries.nii: No such file or directory
/scratch/tyoeasley/brain_representations/check_subj.sh: line 9: /ceph/hcpdb/archive/HCP_1200/arc001/459453_3T/RESOURCES/MSMAllDeDrift/MNINonLinear/Results/rfMRI_REST1_LR/rfMRI_REST1_LR_Atlas_MSMAll_hp2000_clean.dtseries.nii: No such file or directory
/scratch/tyoeasley/brain_representations/check_subj.sh: line 8: /ceph/hcpdb/archive/HCP_1200/arc001/461743_3T/RESOURCES/MSMAllDeDrift/MNINonLinear/Results/rfMRI_REST1_LR/rfMRI_REST1_LR_Atlas_MSMAll_hp2000_clean.dtseries.nii: Permission denied
/scratch/tyoeasley/brain_representations/check_subj.sh: line 9: /ceph/hcpdb/archive/HCP_1200/arc001/461743_3T/RESOURCES/MSMAllDeDrift/MNINonLinear/Results/rfMRI_REST1_LR/rfMRI_REST1_LR_Atlas_MSMAll_hp2000_clean.dtseries.nii: Permission denied
/scratch/tyoeasley/brain_representations/check_subj.sh: line 8: /ceph/hcpdb/archive/HCP_1200/arc001/463040_3T/RESOURCES/MSMAllDeDrift/MNINonLinear/Results/rfMRI_REST1_LR/rfMRI_REST1_LR_Atlas_MSMAll_hp2000_clean.dtseries.nii: Permission denied
/scratch/tyoeasley/brain_representations/check_subj.sh: line 9: /ceph/hcpdb/archive/HCP_1200/arc001/463040_3T/RESOURCES/MSMAllDeDrift/MNINonLinear/Results/rfMRI_REST1_LR/rfMRI_REST1_LR_Atlas_MSMAll_hp2000_clean.dtseries.nii: Permission denied
/scratch/tyoeasley/brain_representations/check_subj.sh: line 8: /ceph/hcpdb/archive/HCP_1200/arc001/465852_3T/RESOURCES/MSMAllDeDrift/MNINonLinear/Results/rfMRI_REST1_LR/rfMRI_REST1_LR_Atlas_MSMAll_hp2000_clean.dtseries.nii: No such file or directory
/scratch/tyoeasley/brain_representations/check_subj.sh: line 9: /ceph/hcpdb/archive/HCP_1200/arc001/465852_3T/RESOURCES/MSMAllDeDrift/MNINonLinear/Results/rfMRI_REST1_LR/rfMRI_REST1_LR_Atlas_MSMAll_hp2000_clean.dtseries.nii: No such file or directory
/scratch/tyoeasley/brain_representations/check_subj.sh: line 8: /ceph/hcpdb/archive/HCP_1200/arc001/467351_3T/RESOURCES/MSMAllDeDrift/MNINonLinear/Results/rfMRI_REST1_LR/rfMRI_REST1_LR_Atlas_MSMAll_hp2000_clean.dtseries.nii: No such file or directory
/scratch/tyoeasley/brain_representations/check_subj.sh: line 9: /ceph/hcpdb/archive/HCP_1200/arc001/467351_3T/RESOURCES/MSMAllDeDrift/MNINonLinear/Results/rfMRI_REST1_LR/rfMRI_REST1_LR_Atlas_MSMAll_hp2000_clean.dtseries.nii: No such file or directory
/scratch/tyoeasley/brain_representations/check_subj.sh: line 8: /ceph/hcpdb/archive/HCP_1200/arc001/468050_3T/RESOURCES/MSMAllDeDrift/MNINonLinear/Results/rfMRI_REST1_LR/rfMRI_REST1_LR_Atlas_MSMAll_hp2000_clean.dtseries.nii: Permission denied
/scratch/tyoeasley/brain_representations/check_subj.sh: line 9: /ceph/hcpdb/archive/HCP_1200/arc001/468050_3T/RESOURCES/MSMAllDeDrift/MNINonLinear/Results/rfMRI_REST1_LR/rfMRI_REST1_LR_Atlas_MSMAll_hp2000_clean.dtseries.nii: Permission denied
/scratch/tyoeasley/brain_representations/check_subj.sh: line 8: /ceph/hcpdb/archive/HCP_1200/arc001/469961_3T/RESOURCES/MSMAllDeDrift/MNINonLinear/Results/rfMRI_REST1_LR/rfMRI_REST1_LR_Atlas_MSMAll_hp2000_clean.dtseries.nii: Permission denied
/scratch/tyoeasley/brain_representations/check_subj.sh: line 9: /ceph/hcpdb/archive/HCP_1200/arc001/469961_3T/RESOURCES/MSMAllDeDrift/MNINonLinear/Results/rfMRI_REST1_LR/rfMRI_REST1_LR_Atlas_MSMAll_hp2000_clean.dtseries.nii: Permission denied
/scratch/tyoeasley/brain_representations/check_subj.sh: line 8: /ceph/hcpdb/archive/HCP_1200/arc001/475855_3T/RESOURCES/MSMAllDeDrift/MNINonLinear/Results/rfMRI_REST1_LR/rfMRI_REST1_LR_Atlas_MSMAll_hp2000_clean.dtseries.nii: No such file or directory
/scratch/tyoeasley/brain_representations/check_subj.sh: line 9: /ceph/hcpdb/archive/HCP_1200/arc001/475855_3T/RESOURCES/MSMAllDeDrift/MNINonLinear/Results/rfMRI_REST1_LR/rfMRI_REST1_LR_Atlas_MSMAll_hp2000_clean.dtseries.nii: No such file or directory
/scratch/tyoeasley/brain_representations/check_subj.sh: line 8: /ceph/hcpdb/archive/HCP_1200/arc001/479762_3T/RESOURCES/MSMAllDeDrift/MNINonLinear/Results/rfMRI_REST1_LR/rfMRI_REST1_LR_Atlas_MSMAll_hp2000_clean.dtseries.nii: No such file or directory
/scratch/tyoeasley/brain_representations/check_subj.sh: line 9: /ceph/hcpdb/archive/HCP_1200/arc001/479762_3T/RESOURCES/MSMAllDeDrift/MNINonLinear/Results/rfMRI_REST1_LR/rfMRI_REST1_LR_Atlas_MSMAll_hp2000_clean.dtseries.nii: No such file or directory
/scratch/tyoeasley/brain_representations/check_subj.sh: line 8: /ceph/hcpdb/archive/HCP_1200/arc001/480141_3T/RESOURCES/MSMAllDeDrift/MNINonLinear/Results/rfMRI_REST1_LR/rfMRI_REST1_LR_Atlas_MSMAll_hp2000_clean.dtseries.nii: No such file or directory
/scratch/tyoeasley/brain_representations/check_subj.sh: line 9: /ceph/hcpdb/archive/HCP_1200/arc001/480141_3T/RESOURCES/MSMAllDeDrift/MNINonLinear/Results/rfMRI_REST1_LR/rfMRI_REST1_LR_Atlas_MSMAll_hp2000_clean.dtseries.nii: No such file or directory
/scratch/tyoeasley/brain_representations/check_subj.sh: line 8: /ceph/hcpdb/archive/HCP_1200/arc001/481042_3T/RESOURCES/MSMAllDeDrift/MNINonLinear/Results/rfMRI_REST1_LR/rfMRI_REST1_LR_Atlas_MSMAll_hp2000_clean.dtseries.nii: Permission denied
/scratch/tyoeasley/brain_representations/check_subj.sh: line 9: /ceph/hcpdb/archive/HCP_1200/arc001/481042_3T/RESOURCES/MSMAllDeDrift/MNINonLinear/Results/rfMRI_REST1_LR/rfMRI_REST1_LR_Atlas_MSMAll_hp2000_clean.dtseries.nii: Permission denied
/scratch/tyoeasley/brain_representations/check_subj.sh: line 8: /ceph/hcpdb/archive/HCP_1200/arc001/481951_3T/RESOURCES/MSMAllDeDrift/MNINonLinear/Results/rfMRI_REST1_LR/rfMRI_REST1_LR_Atlas_MSMAll_hp2000_clean.dtseries.nii: No such file or directory
/scratch/tyoeasley/brain_representations/check_subj.sh: line 9: /ceph/hcpdb/archive/HCP_1200/arc001/481951_3T/RESOURCES/MSMAllDeDrift/MNINonLinear/Results/rfMRI_REST1_LR/rfMRI_REST1_LR_Atlas_MSMAll_hp2000_clean.dtseries.nii: No such file or directory
/scratch/tyoeasley/brain_representations/check_subj.sh: line 8: /ceph/hcpdb/archive/HCP_1200/arc001/485757_3T/RESOURCES/MSMAllDeDrift/MNINonLinear/Results/rfMRI_REST1_LR/rfMRI_REST1_LR_Atlas_MSMAll_hp2000_clean.dtseries.nii: No such file or directory
/scratch/tyoeasley/brain_representations/check_subj.sh: line 9: /ceph/hcpdb/archive/HCP_1200/arc001/485757_3T/RESOURCES/MSMAllDeDrift/MNINonLinear/Results/rfMRI_REST1_LR/rfMRI_REST1_LR_Atlas_MSMAll_hp2000_clean.dtseries.nii: No such file or directory
/scratch/tyoeasley/brain_representations/check_subj.sh: line 8: /ceph/hcpdb/archive/HCP_1200/arc001/486759_3T/RESOURCES/MSMAllDeDrift/MNINonLinear/Results/rfMRI_REST1_LR/rfMRI_REST1_LR_Atlas_MSMAll_hp2000_clean.dtseries.nii: No such file or directory
/scratch/tyoeasley/brain_representations/check_subj.sh: line 9: /ceph/hcpdb/archive/HCP_1200/arc001/486759_3T/RESOURCES/MSMAllDeDrift/MNINonLinear/Results/rfMRI_REST1_LR/rfMRI_REST1_LR_Atlas_MSMAll_hp2000_clean.dtseries.nii: No such file or directory
/scratch/tyoeasley/brain_representations/check_subj.sh: line 8: /ceph/hcpdb/archive/HCP_1200/arc001/495255_3T/RESOURCES/MSMAllDeDrift/MNINonLinear/Results/rfMRI_REST1_LR/rfMRI_REST1_LR_Atlas_MSMAll_hp2000_clean.dtseries.nii: No such file or directory
/scratch/tyoeasley/brain_representations/check_subj.sh: line 9: /ceph/hcpdb/archive/HCP_1200/arc001/495255_3T/RESOURCES/MSMAllDeDrift/MNINonLinear/Results/rfMRI_REST1_LR/rfMRI_REST1_LR_Atlas_MSMAll_hp2000_clean.dtseries.nii: No such file or directory
/scratch/tyoeasley/brain_representations/check_subj.sh: line 8: /ceph/hcpdb/archive/HCP_1200/arc001/497865_3T/RESOURCES/MSMAllDeDrift/MNINonLinear/Results/rfMRI_REST1_LR/rfMRI_REST1_LR_Atlas_MSMAll_hp2000_clean.dtseries.nii: No such file or directory
/scratch/tyoeasley/brain_representations/check_subj.sh: line 9: /ceph/hcpdb/archive/HCP_1200/arc001/497865_3T/RESOURCES/MSMAllDeDrift/MNINonLinear/Results/rfMRI_REST1_LR/rfMRI_REST1_LR_Atlas_MSMAll_hp2000_clean.dtseries.nii: No such file or directory
/scratch/tyoeasley/brain_representations/check_subj.sh: line 8: /ceph/hcpdb/archive/HCP_1200/arc001/499566_3T/RESOURCES/MSMAllDeDrift/MNINonLinear/Results/rfMRI_REST1_LR/rfMRI_REST1_LR_Atlas_MSMAll_hp2000_clean.dtseries.nii: No such file or directory
/scratch/tyoeasley/brain_representations/check_subj.sh: line 9: /ceph/hcpdb/archive/HCP_1200/arc001/499566_3T/RESOURCES/MSMAllDeDrift/MNINonLinear/Results/rfMRI_REST1_LR/rfMRI_REST1_LR_Atlas_MSMAll_hp2000_clean.dtseries.nii: No such file or directory
/scratch/tyoeasley/brain_representations/check_subj.sh: line 8: /ceph/hcpdb/archive/HCP_1200/arc001/500222_3T/RESOURCES/MSMAllDeDrift/MNINonLinear/Results/rfMRI_REST1_LR/rfMRI_REST1_LR_Atlas_MSMAll_hp2000_clean.dtseries.nii: No such file or directory
/scratch/tyoeasley/brain_representations/check_subj.sh: line 9: /ceph/hcpdb/archive/HCP_1200/arc001/500222_3T/RESOURCES/MSMAllDeDrift/MNINonLinear/Results/rfMRI_REST1_LR/rfMRI_REST1_LR_Atlas_MSMAll_hp2000_clean.dtseries.nii: No such file or directory
/scratch/tyoeasley/brain_representations/check_subj.sh: line 8: /ceph/hcpdb/archive/HCP_1200/arc001/506234_3T/RESOURCES/MSMAllDeDrift/MNINonLinear/Results/rfMRI_REST1_LR/rfMRI_REST1_LR_Atlas_MSMAll_hp2000_clean.dtseries.nii: No such file or directory
/scratch/tyoeasley/brain_representations/check_subj.sh: line 9: /ceph/hcpdb/archive/HCP_1200/arc001/506234_3T/RESOURCES/MSMAllDeDrift/MNINonLinear/Results/rfMRI_REST1_LR/rfMRI_REST1_LR_Atlas_MSMAll_hp2000_clean.dtseries.nii: No such file or directory
/scratch/tyoeasley/brain_representations/check_subj.sh: line 8: /ceph/hcpdb/archive/HCP_1200/arc001/510225_3T/RESOURCES/MSMAllDeDrift/MNINonLinear/Results/rfMRI_REST1_LR/rfMRI_REST1_LR_Atlas_MSMAll_hp2000_clean.dtseries.nii: Permission denied
/scratch/tyoeasley/brain_representations/check_subj.sh: line 9: /ceph/hcpdb/archive/HCP_1200/arc001/510225_3T/RESOURCES/MSMAllDeDrift/MNINonLinear/Results/rfMRI_REST1_LR/rfMRI_REST1_LR_Atlas_MSMAll_hp2000_clean.dtseries.nii: Permission denied
/scratch/tyoeasley/brain_representations/check_subj.sh: line 8: /ceph/hcpdb/archive/HCP_1200/arc001/510326_3T/RESOURCES/MSMAllDeDrift/MNINonLinear/Results/rfMRI_REST1_LR/rfMRI_REST1_LR_Atlas_MSMAll_hp2000_clean.dtseries.nii: No such file or directory
/scratch/tyoeasley/brain_representations/check_subj.sh: line 9: /ceph/hcpdb/archive/HCP_1200/arc001/510326_3T/RESOURCES/MSMAllDeDrift/MNINonLinear/Results/rfMRI_REST1_LR/rfMRI_REST1_LR_Atlas_MSMAll_hp2000_clean.dtseries.nii: No such file or directory
/scratch/tyoeasley/brain_representations/check_subj.sh: line 8: /ceph/hcpdb/archive/HCP_1200/arc001/512835_3T/RESOURCES/MSMAllDeDrift/MNINonLinear/Results/rfMRI_REST1_LR/rfMRI_REST1_LR_Atlas_MSMAll_hp2000_clean.dtseries.nii: No such file or directory
/scratch/tyoeasley/brain_representations/check_subj.sh: line 9: /ceph/hcpdb/archive/HCP_1200/arc001/512835_3T/RESOURCES/MSMAllDeDrift/MNINonLinear/Results/rfMRI_REST1_LR/rfMRI_REST1_LR_Atlas_MSMAll_hp2000_clean.dtseries.nii: No such file or directory
/scratch/tyoeasley/brain_representations/check_subj.sh: line 8: /ceph/hcpdb/archive/HCP_1200/arc001/513130_3T/RESOURCES/MSMAllDeDrift/MNINonLinear/Results/rfMRI_REST1_LR/rfMRI_REST1_LR_Atlas_MSMAll_hp2000_clean.dtseries.nii: Permission denied
/scratch/tyoeasley/brain_representations/check_subj.sh: line 9: /ceph/hcpdb/archive/HCP_1200/arc001/513130_3T/RESOURCES/MSMAllDeDrift/MNINonLinear/Results/rfMRI_REST1_LR/rfMRI_REST1_LR_Atlas_MSMAll_hp2000_clean.dtseries.nii: Permission denied
/scratch/tyoeasley/brain_representations/check_subj.sh: line 8: /ceph/hcpdb/archive/HCP_1200/arc001/513736_3T/RESOURCES/MSMAllDeDrift/MNINonLinear/Results/rfMRI_REST1_LR/rfMRI_REST1_LR_Atlas_MSMAll_hp2000_clean.dtseries.nii: No such file or directory
/scratch/tyoeasley/brain_representations/check_subj.sh: line 9: /ceph/hcpdb/archive/HCP_1200/arc001/513736_3T/RESOURCES/MSMAllDeDrift/MNINonLinear/Results/rfMRI_REST1_LR/rfMRI_REST1_LR_Atlas_MSMAll_hp2000_clean.dtseries.nii: No such file or directory
/scratch/tyoeasley/brain_representations/check_subj.sh: line 8: /ceph/hcpdb/archive/HCP_1200/arc001/516742_3T/RESOURCES/MSMAllDeDrift/MNINonLinear/Results/rfMRI_REST1_LR/rfMRI_REST1_LR_Atlas_MSMAll_hp2000_clean.dtseries.nii: Permission denied
/scratch/tyoeasley/brain_representations/check_subj.sh: line 9: /ceph/hcpdb/archive/HCP_1200/arc001/516742_3T/RESOURCES/MSMAllDeDrift/MNINonLinear/Results/rfMRI_REST1_LR/rfMRI_REST1_LR_Atlas_MSMAll_hp2000_clean.dtseries.nii: Permission denied
/scratch/tyoeasley/brain_representations/check_subj.sh: line 8: /ceph/hcpdb/archive/HCP_1200/arc001/517239_3T/RESOURCES/MSMAllDeDrift/MNINonLinear/Results/rfMRI_REST1_LR/rfMRI_REST1_LR_Atlas_MSMAll_hp2000_clean.dtseries.nii: No such file or directory
/scratch/tyoeasley/brain_representations/check_subj.sh: line 9: /ceph/hcpdb/archive/HCP_1200/arc001/517239_3T/RESOURCES/MSMAllDeDrift/MNINonLinear/Results/rfMRI_REST1_LR/rfMRI_REST1_LR_Atlas_MSMAll_hp2000_clean.dtseries.nii: No such file or directory
/scratch/tyoeasley/brain_representations/check_subj.sh: line 8: /ceph/hcpdb/archive/HCP_1200/arc001/518746_3T/RESOURCES/MSMAllDeDrift/MNINonLinear/Results/rfMRI_REST1_LR/rfMRI_REST1_LR_Atlas_MSMAll_hp2000_clean.dtseries.nii: Permission denied
/scratch/tyoeasley/brain_representations/check_subj.sh: line 9: /ceph/hcpdb/archive/HCP_1200/arc001/518746_3T/RESOURCES/MSMAllDeDrift/MNINonLinear/Results/rfMRI_REST1_LR/rfMRI_REST1_LR_Atlas_MSMAll_hp2000_clean.dtseries.nii: Permission denied
/scratch/tyoeasley/brain_representations/check_subj.sh: line 8: /ceph/hcpdb/archive/HCP_1200/arc001/519647_3T/RESOURCES/MSMAllDeDrift/MNINonLinear/Results/rfMRI_REST1_LR/rfMRI_REST1_LR_Atlas_MSMAll_hp2000_clean.dtseries.nii: Permission denied
/scratch/tyoeasley/brain_representations/check_subj.sh: line 9: /ceph/hcpdb/archive/HCP_1200/arc001/519647_3T/RESOURCES/MSMAllDeDrift/MNINonLinear/Results/rfMRI_REST1_LR/rfMRI_REST1_LR_Atlas_MSMAll_hp2000_clean.dtseries.nii: Permission denied
/scratch/tyoeasley/brain_representations/check_subj.sh: line 8: /ceph/hcpdb/archive/HCP_1200/arc001/519950_3T/RESOURCES/MSMAllDeDrift/MNINonLinear/Results/rfMRI_REST1_LR/rfMRI_REST1_LR_Atlas_MSMAll_hp2000_clean.dtseries.nii: No such file or directory
/scratch/tyoeasley/brain_representations/check_subj.sh: line 9: /ceph/hcpdb/archive/HCP_1200/arc001/519950_3T/RESOURCES/MSMAllDeDrift/MNINonLinear/Results/rfMRI_REST1_LR/rfMRI_REST1_LR_Atlas_MSMAll_hp2000_clean.dtseries.nii: No such file or directory
/scratch/tyoeasley/brain_representations/check_subj.sh: line 8: /ceph/hcpdb/archive/HCP_1200/arc001/520228_3T/RESOURCES/MSMAllDeDrift/MNINonLinear/Results/rfMRI_REST1_LR/rfMRI_REST1_LR_Atlas_MSMAll_hp2000_clean.dtseries.nii: No such file or directory
/scratch/tyoeasley/brain_representations/check_subj.sh: line 9: /ceph/hcpdb/archive/HCP_1200/arc001/520228_3T/RESOURCES/MSMAllDeDrift/MNINonLinear/Results/rfMRI_REST1_LR/rfMRI_REST1_LR_Atlas_MSMAll_hp2000_clean.dtseries.nii: No such file or directory
/scratch/tyoeasley/brain_representations/check_subj.sh: line 8: /ceph/hcpdb/archive/HCP_1200/arc001/522434_3T/RESOURCES/MSMAllDeDrift/MNINonLinear/Results/rfMRI_REST1_LR/rfMRI_REST1_LR_Atlas_MSMAll_hp2000_clean.dtseries.nii: No such file or directory
/scratch/tyoeasley/brain_representations/check_subj.sh: line 9: /ceph/hcpdb/archive/HCP_1200/arc001/522434_3T/RESOURCES/MSMAllDeDrift/MNINonLinear/Results/rfMRI_REST1_LR/rfMRI_REST1_LR_Atlas_MSMAll_hp2000_clean.dtseries.nii: No such file or directory
/scratch/tyoeasley/brain_representations/check_subj.sh: line 8: /ceph/hcpdb/archive/HCP_1200/arc001/523032_3T/RESOURCES/MSMAllDeDrift/MNINonLinear/Results/rfMRI_REST1_LR/rfMRI_REST1_LR_Atlas_MSMAll_hp2000_clean.dtseries.nii: No such file or directory
/scratch/tyoeasley/brain_representations/check_subj.sh: line 9: /ceph/hcpdb/archive/HCP_1200/arc001/523032_3T/RESOURCES/MSMAllDeDrift/MNINonLinear/Results/rfMRI_REST1_LR/rfMRI_REST1_LR_Atlas_MSMAll_hp2000_clean.dtseries.nii: No such file or directory
/scratch/tyoeasley/brain_representations/check_subj.sh: line 8: /ceph/hcpdb/archive/HCP_1200/arc001/524135_3T/RESOURCES/MSMAllDeDrift/MNINonLinear/Results/rfMRI_REST1_LR/rfMRI_REST1_LR_Atlas_MSMAll_hp2000_clean.dtseries.nii: No such file or directory
/scratch/tyoeasley/brain_representations/check_subj.sh: line 9: /ceph/hcpdb/archive/HCP_1200/arc001/524135_3T/RESOURCES/MSMAllDeDrift/MNINonLinear/Results/rfMRI_REST1_LR/rfMRI_REST1_LR_Atlas_MSMAll_hp2000_clean.dtseries.nii: No such file or directory
/scratch/tyoeasley/brain_representations/check_subj.sh: line 8: /ceph/hcpdb/archive/HCP_1200/arc001/525541_3T/RESOURCES/MSMAllDeDrift/MNINonLinear/Results/rfMRI_REST1_LR/rfMRI_REST1_LR_Atlas_MSMAll_hp2000_clean.dtseries.nii: No such file or directory
/scratch/tyoeasley/brain_representations/check_subj.sh: line 9: /ceph/hcpdb/archive/HCP_1200/arc001/525541_3T/RESOURCES/MSMAllDeDrift/MNINonLinear/Results/rfMRI_REST1_LR/rfMRI_REST1_LR_Atlas_MSMAll_hp2000_clean.dtseries.nii: No such file or directory
/scratch/tyoeasley/brain_representations/check_subj.sh: line 8: /ceph/hcpdb/archive/HCP_1200/arc001/529549_3T/RESOURCES/MSMAllDeDrift/MNINonLinear/Results/rfMRI_REST1_LR/rfMRI_REST1_LR_Atlas_MSMAll_hp2000_clean.dtseries.nii: No such file or directory
/scratch/tyoeasley/brain_representations/check_subj.sh: line 9: /ceph/hcpdb/archive/HCP_1200/arc001/529549_3T/RESOURCES/MSMAllDeDrift/MNINonLinear/Results/rfMRI_REST1_LR/rfMRI_REST1_LR_Atlas_MSMAll_hp2000_clean.dtseries.nii: No such file or directory
/scratch/tyoeasley/brain_representations/check_subj.sh: line 8: /ceph/hcpdb/archive/HCP_1200/arc001/529953_3T/RESOURCES/MSMAllDeDrift/MNINonLinear/Results/rfMRI_REST1_LR/rfMRI_REST1_LR_Atlas_MSMAll_hp2000_clean.dtseries.nii: No such file or directory
/scratch/tyoeasley/brain_representations/check_subj.sh: line 9: /ceph/hcpdb/archive/HCP_1200/arc001/529953_3T/RESOURCES/MSMAllDeDrift/MNINonLinear/Results/rfMRI_REST1_LR/rfMRI_REST1_LR_Atlas_MSMAll_hp2000_clean.dtseries.nii: No such file or directory
/scratch/tyoeasley/brain_representations/check_subj.sh: line 8: /ceph/hcpdb/archive/HCP_1200/arc001/530635_3T/RESOURCES/MSMAllDeDrift/MNINonLinear/Results/rfMRI_REST1_LR/rfMRI_REST1_LR_Atlas_MSMAll_hp2000_clean.dtseries.nii: No such file or directory
/scratch/tyoeasley/brain_representations/check_subj.sh: line 9: /ceph/hcpdb/archive/HCP_1200/arc001/530635_3T/RESOURCES/MSMAllDeDrift/MNINonLinear/Results/rfMRI_REST1_LR/rfMRI_REST1_LR_Atlas_MSMAll_hp2000_clean.dtseries.nii: No such file or directory
/scratch/tyoeasley/brain_representations/check_subj.sh: line 8: /ceph/hcpdb/archive/HCP_1200/arc001/531536_3T/RESOURCES/MSMAllDeDrift/MNINonLinear/Results/rfMRI_REST1_LR/rfMRI_REST1_LR_Atlas_MSMAll_hp2000_clean.dtseries.nii: No such file or directory
/scratch/tyoeasley/brain_representations/check_subj.sh: line 9: /ceph/hcpdb/archive/HCP_1200/arc001/531536_3T/RESOURCES/MSMAllDeDrift/MNINonLinear/Results/rfMRI_REST1_LR/rfMRI_REST1_LR_Atlas_MSMAll_hp2000_clean.dtseries.nii: No such file or directory
/scratch/tyoeasley/brain_representations/check_subj.sh: line 8: /ceph/hcpdb/archive/HCP_1200/arc001/531940_3T/RESOURCES/MSMAllDeDrift/MNINonLinear/Results/rfMRI_REST1_LR/rfMRI_REST1_LR_Atlas_MSMAll_hp2000_clean.dtseries.nii: Permission denied
/scratch/tyoeasley/brain_representations/check_subj.sh: line 9: /ceph/hcpdb/archive/HCP_1200/arc001/531940_3T/RESOURCES/MSMAllDeDrift/MNINonLinear/Results/rfMRI_REST1_LR/rfMRI_REST1_LR_Atlas_MSMAll_hp2000_clean.dtseries.nii: Permission denied
/scratch/tyoeasley/brain_representations/check_subj.sh: line 8: /ceph/hcpdb/archive/HCP_1200/arc001/536647_3T/RESOURCES/MSMAllDeDrift/MNINonLinear/Results/rfMRI_REST1_LR/rfMRI_REST1_LR_Atlas_MSMAll_hp2000_clean.dtseries.nii: No such file or directory
/scratch/tyoeasley/brain_representations/check_subj.sh: line 9: /ceph/hcpdb/archive/HCP_1200/arc001/536647_3T/RESOURCES/MSMAllDeDrift/MNINonLinear/Results/rfMRI_REST1_LR/rfMRI_REST1_LR_Atlas_MSMAll_hp2000_clean.dtseries.nii: No such file or directory
/scratch/tyoeasley/brain_representations/check_subj.sh: line 8: /ceph/hcpdb/archive/HCP_1200/arc001/540436_3T/RESOURCES/MSMAllDeDrift/MNINonLinear/Results/rfMRI_REST1_LR/rfMRI_REST1_LR_Atlas_MSMAll_hp2000_clean.dtseries.nii: No such file or directory
/scratch/tyoeasley/brain_representations/check_subj.sh: line 9: /ceph/hcpdb/archive/HCP_1200/arc001/540436_3T/RESOURCES/MSMAllDeDrift/MNINonLinear/Results/rfMRI_REST1_LR/rfMRI_REST1_LR_Atlas_MSMAll_hp2000_clean.dtseries.nii: No such file or directory
/scratch/tyoeasley/brain_representations/check_subj.sh: line 8: /ceph/hcpdb/archive/HCP_1200/arc001/541640_3T/RESOURCES/MSMAllDeDrift/MNINonLinear/Results/rfMRI_REST1_LR/rfMRI_REST1_LR_Atlas_MSMAll_hp2000_clean.dtseries.nii: Permission denied
/scratch/tyoeasley/brain_representations/check_subj.sh: line 9: /ceph/hcpdb/archive/HCP_1200/arc001/541640_3T/RESOURCES/MSMAllDeDrift/MNINonLinear/Results/rfMRI_REST1_LR/rfMRI_REST1_LR_Atlas_MSMAll_hp2000_clean.dtseries.nii: Permission denied
/scratch/tyoeasley/brain_representations/check_subj.sh: line 8: /ceph/hcpdb/archive/HCP_1200/arc001/541943_3T/RESOURCES/MSMAllDeDrift/MNINonLinear/Results/rfMRI_REST1_LR/rfMRI_REST1_LR_Atlas_MSMAll_hp2000_clean.dtseries.nii: No such file or directory
/scratch/tyoeasley/brain_representations/check_subj.sh: line 9: /ceph/hcpdb/archive/HCP_1200/arc001/541943_3T/RESOURCES/MSMAllDeDrift/MNINonLinear/Results/rfMRI_REST1_LR/rfMRI_REST1_LR_Atlas_MSMAll_hp2000_clean.dtseries.nii: No such file or directory
/scratch/tyoeasley/brain_representations/check_subj.sh: line 8: /ceph/hcpdb/archive/HCP_1200/arc001/545345_3T/RESOURCES/MSMAllDeDrift/MNINonLinear/Results/rfMRI_REST1_LR/rfMRI_REST1_LR_Atlas_MSMAll_hp2000_clean.dtseries.nii: No such file or directory
/scratch/tyoeasley/brain_representations/check_subj.sh: line 9: /ceph/hcpdb/archive/HCP_1200/arc001/545345_3T/RESOURCES/MSMAllDeDrift/MNINonLinear/Results/rfMRI_REST1_LR/rfMRI_REST1_LR_Atlas_MSMAll_hp2000_clean.dtseries.nii: No such file or directory
/scratch/tyoeasley/brain_representations/check_subj.sh: line 8: /ceph/hcpdb/archive/HCP_1200/arc001/547046_3T/RESOURCES/MSMAllDeDrift/MNINonLinear/Results/rfMRI_REST1_LR/rfMRI_REST1_LR_Atlas_MSMAll_hp2000_clean.dtseries.nii: No such file or directory
/scratch/tyoeasley/brain_representations/check_subj.sh: line 9: /ceph/hcpdb/archive/HCP_1200/arc001/547046_3T/RESOURCES/MSMAllDeDrift/MNINonLinear/Results/rfMRI_REST1_LR/rfMRI_REST1_LR_Atlas_MSMAll_hp2000_clean.dtseries.nii: No such file or directory
/scratch/tyoeasley/brain_representations/check_subj.sh: line 8: /ceph/hcpdb/archive/HCP_1200/arc001/548250_3T/RESOURCES/MSMAllDeDrift/MNINonLinear/Results/rfMRI_REST1_LR/rfMRI_REST1_LR_Atlas_MSMAll_hp2000_clean.dtseries.nii: No such file or directory
/scratch/tyoeasley/brain_representations/check_subj.sh: line 9: /ceph/hcpdb/archive/HCP_1200/arc001/548250_3T/RESOURCES/MSMAllDeDrift/MNINonLinear/Results/rfMRI_REST1_LR/rfMRI_REST1_LR_Atlas_MSMAll_hp2000_clean.dtseries.nii: No such file or directory
/scratch/tyoeasley/brain_representations/check_subj.sh: line 8: /ceph/hcpdb/archive/HCP_1200/arc001/552241_3T/RESOURCES/MSMAllDeDrift/MNINonLinear/Results/rfMRI_REST1_LR/rfMRI_REST1_LR_Atlas_MSMAll_hp2000_clean.dtseries.nii: Permission denied
/scratch/tyoeasley/brain_representations/check_subj.sh: line 9: /ceph/hcpdb/archive/HCP_1200/arc001/552241_3T/RESOURCES/MSMAllDeDrift/MNINonLinear/Results/rfMRI_REST1_LR/rfMRI_REST1_LR_Atlas_MSMAll_hp2000_clean.dtseries.nii: Permission denied
/scratch/tyoeasley/brain_representations/check_subj.sh: line 8: /ceph/hcpdb/archive/HCP_1200/arc001/552544_3T/RESOURCES/MSMAllDeDrift/MNINonLinear/Results/rfMRI_REST1_LR/rfMRI_REST1_LR_Atlas_MSMAll_hp2000_clean.dtseries.nii: No such file or directory
/scratch/tyoeasley/brain_representations/check_subj.sh: line 9: /ceph/hcpdb/archive/HCP_1200/arc001/552544_3T/RESOURCES/MSMAllDeDrift/MNINonLinear/Results/rfMRI_REST1_LR/rfMRI_REST1_LR_Atlas_MSMAll_hp2000_clean.dtseries.nii: No such file or directory
/scratch/tyoeasley/brain_representations/check_subj.sh: line 8: /ceph/hcpdb/archive/HCP_1200/arc001/553344_3T/RESOURCES/MSMAllDeDrift/MNINonLinear/Results/rfMRI_REST1_LR/rfMRI_REST1_LR_Atlas_MSMAll_hp2000_clean.dtseries.nii: No such file or directory
/scratch/tyoeasley/brain_representations/check_subj.sh: line 9: /ceph/hcpdb/archive/HCP_1200/arc001/553344_3T/RESOURCES/MSMAllDeDrift/MNINonLinear/Results/rfMRI_REST1_LR/rfMRI_REST1_LR_Atlas_MSMAll_hp2000_clean.dtseries.nii: No such file or directory
/scratch/tyoeasley/brain_representations/check_subj.sh: line 8: /ceph/hcpdb/archive/HCP_1200/arc001/555348_3T/RESOURCES/MSMAllDeDrift/MNINonLinear/Results/rfMRI_REST1_LR/rfMRI_REST1_LR_Atlas_MSMAll_hp2000_clean.dtseries.nii: No such file or directory
/scratch/tyoeasley/brain_representations/check_subj.sh: line 9: /ceph/hcpdb/archive/HCP_1200/arc001/555348_3T/RESOURCES/MSMAllDeDrift/MNINonLinear/Results/rfMRI_REST1_LR/rfMRI_REST1_LR_Atlas_MSMAll_hp2000_clean.dtseries.nii: No such file or directory
/scratch/tyoeasley/brain_representations/check_subj.sh: line 8: /ceph/hcpdb/archive/HCP_1200/arc001/555651_3T/RESOURCES/MSMAllDeDrift/MNINonLinear/Results/rfMRI_REST1_LR/rfMRI_REST1_LR_Atlas_MSMAll_hp2000_clean.dtseries.nii: No such file or directory
/scratch/tyoeasley/brain_representations/check_subj.sh: line 9: /ceph/hcpdb/archive/HCP_1200/arc001/555651_3T/RESOURCES/MSMAllDeDrift/MNINonLinear/Results/rfMRI_REST1_LR/rfMRI_REST1_LR_Atlas_MSMAll_hp2000_clean.dtseries.nii: No such file or directory
/scratch/tyoeasley/brain_representations/check_subj.sh: line 8: /ceph/hcpdb/archive/HCP_1200/arc001/555954_3T/RESOURCES/MSMAllDeDrift/MNINonLinear/Results/rfMRI_REST1_LR/rfMRI_REST1_LR_Atlas_MSMAll_hp2000_clean.dtseries.nii: Permission denied
/scratch/tyoeasley/brain_representations/check_subj.sh: line 9: /ceph/hcpdb/archive/HCP_1200/arc001/555954_3T/RESOURCES/MSMAllDeDrift/MNINonLinear/Results/rfMRI_REST1_LR/rfMRI_REST1_LR_Atlas_MSMAll_hp2000_clean.dtseries.nii: Permission denied
/scratch/tyoeasley/brain_representations/check_subj.sh: line 8: /ceph/hcpdb/archive/HCP_1200/arc001/557857_3T/RESOURCES/MSMAllDeDrift/MNINonLinear/Results/rfMRI_REST1_LR/rfMRI_REST1_LR_Atlas_MSMAll_hp2000_clean.dtseries.nii: No such file or directory
/scratch/tyoeasley/brain_representations/check_subj.sh: line 9: /ceph/hcpdb/archive/HCP_1200/arc001/557857_3T/RESOURCES/MSMAllDeDrift/MNINonLinear/Results/rfMRI_REST1_LR/rfMRI_REST1_LR_Atlas_MSMAll_hp2000_clean.dtseries.nii: No such file or directory
/scratch/tyoeasley/brain_representations/check_subj.sh: line 8: /ceph/hcpdb/archive/HCP_1200/arc001/558657_3T/RESOURCES/MSMAllDeDrift/MNINonLinear/Results/rfMRI_REST1_LR/rfMRI_REST1_LR_Atlas_MSMAll_hp2000_clean.dtseries.nii: Permission denied
/scratch/tyoeasley/brain_representations/check_subj.sh: line 9: /ceph/hcpdb/archive/HCP_1200/arc001/558657_3T/RESOURCES/MSMAllDeDrift/MNINonLinear/Results/rfMRI_REST1_LR/rfMRI_REST1_LR_Atlas_MSMAll_hp2000_clean.dtseries.nii: Permission denied
/scratch/tyoeasley/brain_representations/check_subj.sh: line 8: /ceph/hcpdb/archive/HCP_1200/arc001/558960_3T/RESOURCES/MSMAllDeDrift/MNINonLinear/Results/rfMRI_REST1_LR/rfMRI_REST1_LR_Atlas_MSMAll_hp2000_clean.dtseries.nii: Permission denied
/scratch/tyoeasley/brain_representations/check_subj.sh: line 9: /ceph/hcpdb/archive/HCP_1200/arc001/558960_3T/RESOURCES/MSMAllDeDrift/MNINonLinear/Results/rfMRI_REST1_LR/rfMRI_REST1_LR_Atlas_MSMAll_hp2000_clean.dtseries.nii: Permission denied
/scratch/tyoeasley/brain_representations/check_subj.sh: line 8: /ceph/hcpdb/archive/HCP_1200/arc001/559053_3T/RESOURCES/MSMAllDeDrift/MNINonLinear/Results/rfMRI_REST1_LR/rfMRI_REST1_LR_Atlas_MSMAll_hp2000_clean.dtseries.nii: No such file or directory
/scratch/tyoeasley/brain_representations/check_subj.sh: line 9: /ceph/hcpdb/archive/HCP_1200/arc001/559053_3T/RESOURCES/MSMAllDeDrift/MNINonLinear/Results/rfMRI_REST1_LR/rfMRI_REST1_LR_Atlas_MSMAll_hp2000_clean.dtseries.nii: No such file or directory
/scratch/tyoeasley/brain_representations/check_subj.sh: line 8: /ceph/hcpdb/archive/HCP_1200/arc001/559457_3T/RESOURCES/MSMAllDeDrift/MNINonLinear/Results/rfMRI_REST1_LR/rfMRI_REST1_LR_Atlas_MSMAll_hp2000_clean.dtseries.nii: Permission denied
/scratch/tyoeasley/brain_representations/check_subj.sh: line 9: /ceph/hcpdb/archive/HCP_1200/arc001/559457_3T/RESOURCES/MSMAllDeDrift/MNINonLinear/Results/rfMRI_REST1_LR/rfMRI_REST1_LR_Atlas_MSMAll_hp2000_clean.dtseries.nii: Permission denied
/scratch/tyoeasley/brain_representations/check_subj.sh: line 8: /ceph/hcpdb/archive/HCP_1200/arc001/561242_3T/RESOURCES/MSMAllDeDrift/MNINonLinear/Results/rfMRI_REST1_LR/rfMRI_REST1_LR_Atlas_MSMAll_hp2000_clean.dtseries.nii: No such file or directory
/scratch/tyoeasley/brain_representations/check_subj.sh: line 9: /ceph/hcpdb/archive/HCP_1200/arc001/561242_3T/RESOURCES/MSMAllDeDrift/MNINonLinear/Results/rfMRI_REST1_LR/rfMRI_REST1_LR_Atlas_MSMAll_hp2000_clean.dtseries.nii: No such file or directory
Traceback (most recent call last):
  File "/scratch/tyoeasley/brain_representations/src_py/convert_to_csv.py", line 24, in <module>
    main(parent_dir, ext=ext)
  File "/scratch/tyoeasley/brain_representations/src_py/convert_to_csv.py", line 10, in main
    parcellated_cifti = nb.load(fpath)
  File "/home/e.ty/.conda/envs/alg_top_neuro/lib/python3.7/site-packages/nibabel/loadsave.py", line 55, in load
    raise ImageFileError(f'Cannot work out file type of "{filename}"')
nibabel.filebasedimages.ImageFileError: Cannot work out file type of "/scratch/tyoeasley/brain_representations/schaefer/ext_ptseries/wb_cp/d200/558960_REST1_LR.csv"
