
While running:
/export/workbench/workbench-1.5.0_take2/bin_rh_linux64/../exe_rh_linux64/wb_command -cifti-parcellate /ceph/hcpdb/archive/HCP_1200/arc001/130114_3T/RESOURCES/MSMAllDeDrift/MNINonLinear/Results/rfMRI_REST1_RL/rfMRI_REST1_RL_Atlas_MSMAll_hp2000_clean.dtseries.nii /scratch/tyoeasley/brain_representations/schaefer/parcellation_defs/HCP/fslr32k-cifti/Schaefer2018_100Parcels_17Networks_order.dlabel.nii COLUMN /scratch/tyoeasley/brain_representations/schaefer/ext_dtseries/wb_cp/d100/130114_REST1_RL.ptseries.nii

ERROR: failed to open file '/ceph/hcpdb/archive/HCP_1200/arc001/130114_3T/RESOURCES/MSMAllDeDrift/MNINonLinear/Results/rfMRI_REST1_RL/rfMRI_REST1_RL_Atlas_MSMAll_hp2000_clean.dtseries.nii', file does not exist, or folder permissions prevent seeing it


While running:
/export/workbench/workbench-1.5.0_take2/bin_rh_linux64/../exe_rh_linux64/wb_command -cifti-parcellate /ceph/hcpdb/archive/HCP_1200/arc001/130114_3T/RESOURCES/MSMAllDeDrift/MNINonLinear/Results/rfMRI_REST2_LR/rfMRI_REST2_LR_Atlas_MSMAll_hp2000_clean.dtseries.nii /scratch/tyoeasley/brain_representations/schaefer/parcellation_defs/HCP/fslr32k-cifti/Schaefer2018_100Parcels_17Networks_order.dlabel.nii COLUMN /scratch/tyoeasley/brain_representations/schaefer/ext_dtseries/wb_cp/d100/130114_REST2_LR.ptseries.nii

ERROR: failed to open file '/ceph/hcpdb/archive/HCP_1200/arc001/130114_3T/RESOURCES/MSMAllDeDrift/MNINonLinear/Results/rfMRI_REST2_LR/rfMRI_REST2_LR_Atlas_MSMAll_hp2000_clean.dtseries.nii', file does not exist, or folder permissions prevent seeing it


While running:
/export/workbench/workbench-1.5.0_take2/bin_rh_linux64/../exe_rh_linux64/wb_command -cifti-parcellate /ceph/hcpdb/archive/HCP_1200/arc001/130114_3T/RESOURCES/MSMAllDeDrift/MNINonLinear/Results/rfMRI_REST2_RL/rfMRI_REST2_RL_Atlas_MSMAll_hp2000_clean.dtseries.nii /scratch/tyoeasley/brain_representations/schaefer/parcellation_defs/HCP/fslr32k-cifti/Schaefer2018_100Parcels_17Networks_order.dlabel.nii COLUMN /scratch/tyoeasley/brain_representations/schaefer/ext_dtseries/wb_cp/d100/130114_REST2_RL.ptseries.nii

ERROR: failed to open file '/ceph/hcpdb/archive/HCP_1200/arc001/130114_3T/RESOURCES/MSMAllDeDrift/MNINonLinear/Results/rfMRI_REST2_RL/rfMRI_REST2_RL_Atlas_MSMAll_hp2000_clean.dtseries.nii', file does not exist, or folder permissions prevent seeing it


While running:
/export/workbench/workbench-1.5.0_take2/bin_rh_linux64/../exe_rh_linux64/wb_command -cifti-parcellate /ceph/hcpdb/archive/HCP_1200/arc001/138332_3T/RESOURCES/MSMAllDeDrift/MNINonLinear/Results/rfMRI_REST1_LR/rfMRI_REST1_LR_Atlas_MSMAll_hp2000_clean.dtseries.nii /scratch/tyoeasley/brain_representations/schaefer/parcellation_defs/HCP/fslr32k-cifti/Schaefer2018_100Parcels_17Networks_order.dlabel.nii COLUMN /scratch/tyoeasley/brain_representations/schaefer/ext_dtseries/wb_cp/d100/138332_REST1_LR.ptseries.nii

ERROR: failed to open file '/ceph/hcpdb/archive/HCP_1200/arc001/138332_3T/RESOURCES/MSMAllDeDrift/MNINonLinear/Results/rfMRI_REST1_LR/rfMRI_REST1_LR_Atlas_MSMAll_hp2000_clean.dtseries.nii', file does not exist, or folder permissions prevent seeing it


While running:
/export/workbench/workbench-1.5.0_take2/bin_rh_linux64/../exe_rh_linux64/wb_command -cifti-parcellate /ceph/hcpdb/archive/HCP_1200/arc001/138332_3T/RESOURCES/MSMAllDeDrift/MNINonLinear/Results/rfMRI_REST1_RL/rfMRI_REST1_RL_Atlas_MSMAll_hp2000_clean.dtseries.nii /scratch/tyoeasley/brain_representations/schaefer/parcellation_defs/HCP/fslr32k-cifti/Schaefer2018_100Parcels_17Networks_order.dlabel.nii COLUMN /scratch/tyoeasley/brain_representations/schaefer/ext_dtseries/wb_cp/d100/138332_REST1_RL.ptseries.nii

ERROR: failed to open file '/ceph/hcpdb/archive/HCP_1200/arc001/138332_3T/RESOURCES/MSMAllDeDrift/MNINonLinear/Results/rfMRI_REST1_RL/rfMRI_REST1_RL_Atlas_MSMAll_hp2000_clean.dtseries.nii', file does not exist, or folder permissions prevent seeing it


While running:
/export/workbench/workbench-1.5.0_take2/bin_rh_linux64/../exe_rh_linux64/wb_command -cifti-parcellate /ceph/hcpdb/archive/HCP_1200/arc001/138332_3T/RESOURCES/MSMAllDeDrift/MNINonLinear/Results/rfMRI_REST2_LR/rfMRI_REST2_LR_Atlas_MSMAll_hp2000_clean.dtseries.nii /scratch/tyoeasley/brain_representations/schaefer/parcellation_defs/HCP/fslr32k-cifti/Schaefer2018_100Parcels_17Networks_order.dlabel.nii COLUMN /scratch/tyoeasley/brain_representations/schaefer/ext_dtseries/wb_cp/d100/138332_REST2_LR.ptseries.nii

ERROR: failed to open file '/ceph/hcpdb/archive/HCP_1200/arc001/138332_3T/RESOURCES/MSMAllDeDrift/MNINonLinear/Results/rfMRI_REST2_LR/rfMRI_REST2_LR_Atlas_MSMAll_hp2000_clean.dtseries.nii', file does not exist, or folder permissions prevent seeing it


While running:
/export/workbench/workbench-1.5.0_take2/bin_rh_linux64/../exe_rh_linux64/wb_command -cifti-parcellate /ceph/hcpdb/archive/HCP_1200/arc001/138332_3T/RESOURCES/MSMAllDeDrift/MNINonLinear/Results/rfMRI_REST2_RL/rfMRI_REST2_RL_Atlas_MSMAll_hp2000_clean.dtseries.nii /scratch/tyoeasley/brain_representations/schaefer/parcellation_defs/HCP/fslr32k-cifti/Schaefer2018_100Parcels_17Networks_order.dlabel.nii COLUMN /scratch/tyoeasley/brain_representations/schaefer/ext_dtseries/wb_cp/d100/138332_REST2_RL.ptseries.nii

ERROR: failed to open file '/ceph/hcpdb/archive/HCP_1200/arc001/138332_3T/RESOURCES/MSMAllDeDrift/MNINonLinear/Results/rfMRI_REST2_RL/rfMRI_REST2_RL_Atlas_MSMAll_hp2000_clean.dtseries.nii', file does not exist, or folder permissions prevent seeing it

