Traceback (most recent call last):
  File "/scratch/tyoeasley/brain_representations/src_py/run_comp_Psim.py", line 4, in <module>
    cpm.comp_dist_mtx(sys.argv[1],sys.argv[2])
  File "/mnt/beegfs/scratch/tyoeasley/brain_representations/src_py/comp_Psim_mtx.py", line 14, in comp_dist_mtx
    Psim_mtx = comp_Psim_vals(subj_list)
  File "/mnt/beegfs/scratch/tyoeasley/brain_representations/src_py/comp_Psim_mtx.py", line 49, in comp_Psim_vals
    simval = comp_Psim(data_list[i],data_list[j])
  File "/mnt/beegfs/scratch/tyoeasley/brain_representations/src_py/comp_Psim_mtx.py", line 22, in comp_Psim
    sim_mtx = np.corrcoef(data1,data2)
  File "<__array_function__ internals>", line 6, in corrcoef
  File "/home/e.ty/.conda/envs/alg_top_neuro/lib/python3.7/site-packages/numpy/lib/function_base.py", line 2526, in corrcoef
    c = cov(x, y, rowvar)
  File "<__array_function__ internals>", line 6, in cov
  File "/home/e.ty/.conda/envs/alg_top_neuro/lib/python3.7/site-packages/numpy/lib/function_base.py", line 2431, in cov
    avg, w_sum = average(X, axis=1, weights=w, returned=True)
  File "<__array_function__ internals>", line 6, in average
  File "/home/e.ty/.conda/envs/alg_top_neuro/lib/python3.7/site-packages/numpy/lib/function_base.py", line 390, in average
    avg = a.mean(axis)
  File "/home/e.ty/.conda/envs/alg_top_neuro/lib/python3.7/site-packages/numpy/core/_methods.py", line 154, in _mean
    ret, rcount, out=ret, casting='unsafe', subok=False)
TypeError: unsupported operand type(s) for /: 'NoneType' and 'int'
